/Users/jaskamalcheema/rithm/youtube_3/blocked.py:20: SyntaxWarning: invalid escape sequence '\_'
  print('''
/Users/jaskamalcheema/rithm/youtube_3/blocked.py:20: SyntaxWarning: invalid escape sequence '\_'
  print('''
[0;31m---------------------------------------------------------------------------[0m
[0;31mModuleNotFoundError[0m                       Traceback (most recent call last)
File [0;32m~/rithm/youtube_3/blocked.py:4[0m
[1;32m      1[0m [38;5;124;03m"""Clears blocked users and gives them access to YouWish."""[39;00m
[1;32m      3[0m [38;5;28;01mimport[39;00m [38;5;21;01mos[39;00m
[0;32m----> 4[0m [38;5;28;01mfrom[39;00m [38;5;21;01mapp[39;00m [38;5;28;01mimport[39;00m app
[1;32m      5[0m [38;5;28;01mfrom[39;00m [38;5;21;01mdotenv[39;00m [38;5;28;01mimport[39;00m load_dotenv
[1;32m      6[0m [38;5;28;01mfrom[39;00m [38;5;21;01mmodels[39;00m [38;5;28;01mimport[39;00m db, User

File [0;32m~/rithm/youtube_3/app.py:2[0m
[1;32m      1[0m [38;5;28;01mimport[39;00m [38;5;21;01mos[39;00m
[0;32m----> 2[0m [38;5;28;01mfrom[39;00m [38;5;21;01mdotenv[39;00m [38;5;28;01mimport[39;00m load_dotenv
[1;32m      3[0m [38;5;28;01mfrom[39;00m [38;5;21;01mflask[39;00m [38;5;28;01mimport[39;00m Flask, render_template, request, flash, redirect, session, g, jsonify
[1;32m      4[0m [38;5;28;01mfrom[39;00m [38;5;21;01mflask_debugtoolbar[39;00m [38;5;28;01mimport[39;00m DebugToolbarExtension

[0;31mModuleNotFoundError[0m: No module named 'dotenv'
/Users/jaskamalcheema/rithm/youtube_3/blocked.py:20: SyntaxWarning: invalid escape sequence '\_'
  print('''
/Users/jaskamalcheema/rithm/youtube_3/blocked.py:20: SyntaxWarning: invalid escape sequence '\_'
  print('''
[0;31m---------------------------------------------------------------------------[0m
[0;31mModuleNotFoundError[0m                       Traceback (most recent call last)
File [0;32m~/rithm/youtube_3/blocked.py:4[0m
[1;32m      1[0m [38;5;124;03m"""Clears blocked users and gives them access to YouWish."""[39;00m
[1;32m      3[0m [38;5;28;01mimport[39;00m [38;5;21;01mos[39;00m
[0;32m----> 4[0m [38;5;28;01mfrom[39;00m [38;5;21;01mapp[39;00m [38;5;28;01mimport[39;00m app
[1;32m      5[0m [38;5;28;01mfrom[39;00m [38;5;21;01mdotenv[39;00m [38;5;28;01mimport[39;00m load_dotenv
[1;32m      6[0m [38;5;28;01mfrom[39;00m [38;5;21;01mmodels[39;00m [38;5;28;01mimport[39;00m db, User

File [0;32m~/rithm/youtube_3/app.py:2[0m
[1;32m      1[0m [38;5;28;01mimport[39;00m [38;5;21;01mos[39;00m
[0;32m----> 2[0m [38;5;28;01mfrom[39;00m [38;5;21;01mdotenv[39;00m [38;5;28;01mimport[39;00m load_dotenv
[1;32m      3[0m [38;5;28;01mfrom[39;00m [38;5;21;01mflask[39;00m [38;5;28;01mimport[39;00m Flask, render_template, request, flash, redirect, session, g, jsonify
[1;32m      4[0m [38;5;28;01mfrom[39;00m [38;5;21;01mflask_debugtoolbar[39;00m [38;5;28;01mimport[39;00m DebugToolbarExtension

[0;31mModuleNotFoundError[0m: No module named 'dotenv'
/Users/jaskamalcheema/rithm/youtube_3/blocked.py:20: SyntaxWarning: invalid escape sequence '\_'
  print('''
/Users/jaskamalcheema/rithm/youtube_3/blocked.py:20: SyntaxWarning: invalid escape sequence '\_'
  print('''
[0;31m---------------------------------------------------------------------------[0m
[0;31mModuleNotFoundError[0m                       Traceback (most recent call last)
File [0;32m~/rithm/youtube_3/blocked.py:4[0m
[1;32m      1[0m [38;5;124;03m"""Clears blocked users and gives them access to YouWish."""[39;00m
[1;32m      3[0m [38;5;28;01mimport[39;00m [38;5;21;01mos[39;00m
[0;32m----> 4[0m [38;5;28;01mfrom[39;00m [38;5;21;01mapp[39;00m [38;5;28;01mimport[39;00m app
[1;32m      5[0m [38;5;28;01mfrom[39;00m [38;5;21;01mdotenv[39;00m [38;5;28;01mimport[39;00m load_dotenv
[1;32m      6[0m [38;5;28;01mfrom[39;00m [38;5;21;01mmodels[39;00m [38;5;28;01mimport[39;00m db, User

File [0;32m~/rithm/youtube_3/app.py:2[0m
[1;32m      1[0m [38;5;28;01mimport[39;00m [38;5;21;01mos[39;00m
[0;32m----> 2[0m [38;5;28;01mfrom[39;00m [38;5;21;01mdotenv[39;00m [38;5;28;01mimport[39;00m load_dotenv
[1;32m      3[0m [38;5;28;01mfrom[39;00m [38;5;21;01mflask[39;00m [38;5;28;01mimport[39;00m Flask, render_template, request, flash, redirect, session, g, jsonify
[1;32m      4[0m [38;5;28;01mfrom[39;00m [38;5;21;01mflask_debugtoolbar[39;00m [38;5;28;01mimport[39;00m DebugToolbarExtension

[0;31mModuleNotFoundError[0m: No module named 'dotenv'
[0;36m  File [0;32m~/rithm/youtube_3/blocked.py:2[0;36m[0m
[0;31m    from app[0m
[0m            ^[0m
[0;31mSyntaxError[0m[0;31m:[0m invalid syntax

/Users/jaskamalcheema/rithm/youtube_3/app.py:510: SyntaxWarning: invalid escape sequence '\_'
  print('''
/Users/jaskamalcheema/rithm/youtube_3/app.py:510: SyntaxWarning: invalid escape sequence '\_'
  print('''
[0;31m---------------------------------------------------------------------------[0m
[0;31mModuleNotFoundError[0m                       Traceback (most recent call last)
File [0;32m~/rithm/youtube_3/blocked.py:2[0m
[1;32m      1[0m [38;5;124;03m"""Clears blocked users and gives them access to YouWish."""[39;00m
[0;32m----> 2[0m [38;5;28;01mfrom[39;00m [38;5;21;01mapp[39;00m [38;5;28;01mimport[39;00m clear_blocked_users
[1;32m      8[0m clear_blocked_users()

File [0;32m~/rithm/youtube_3/app.py:2[0m
[1;32m      1[0m [38;5;28;01mimport[39;00m [38;5;21;01mos[39;00m
[0;32m----> 2[0m [38;5;28;01mfrom[39;00m [38;5;21;01mdotenv[39;00m [38;5;28;01mimport[39;00m load_dotenv
[1;32m      3[0m [38;5;28;01mfrom[39;00m [38;5;21;01mflask[39;00m [38;5;28;01mimport[39;00m Flask, render_template, request, flash, redirect, session, g, jsonify
[1;32m      4[0m [38;5;28;01mfrom[39;00m [38;5;21;01mflask_debugtoolbar[39;00m [38;5;28;01mimport[39;00m DebugToolbarExtension

[0;31mModuleNotFoundError[0m: No module named 'dotenv'
[0;31m---------------------------------------------------------------------------[0m
[0;31mModuleNotFoundError[0m                       Traceback (most recent call last)
File [0;32m~/rithm/youtube_3/blocked.py:2[0m
[1;32m      1[0m [38;5;124;03m"""Clears blocked users and gives them access to YouWish."""[39;00m
[0;32m----> 2[0m [38;5;28;01mfrom[39;00m [38;5;21;01mapp[39;00m [38;5;28;01mimport[39;00m clear_blocked_users
[1;32m      8[0m clear_blocked_users()

File [0;32m~/rithm/youtube_3/app.py:2[0m
[1;32m      1[0m [38;5;28;01mimport[39;00m [38;5;21;01mos[39;00m
[0;32m----> 2[0m [38;5;28;01mfrom[39;00m [38;5;21;01mdotenv[39;00m [38;5;28;01mimport[39;00m load_dotenv
[1;32m      3[0m [38;5;28;01mfrom[39;00m [38;5;21;01mflask[39;00m [38;5;28;01mimport[39;00m Flask, render_template, request, flash, redirect, session, g, jsonify
[1;32m      4[0m [38;5;28;01mfrom[39;00m [38;5;21;01mflask_debugtoolbar[39;00m [38;5;28;01mimport[39;00m DebugToolbarExtension

[0;31mModuleNotFoundError[0m: No module named 'dotenv'
[0;31m---------------------------------------------------------------------------[0m
[0;31mModuleNotFoundError[0m                       Traceback (most recent call last)
File [0;32m~/rithm/youtube_3/blocked.py:2[0m
[1;32m      1[0m [38;5;124;03m"""Clears blocked users and gives them access to YouWish."""[39;00m
[0;32m----> 2[0m [38;5;28;01mfrom[39;00m [38;5;21;01mapp[39;00m [38;5;28;01mimport[39;00m clear_blocked_users
[1;32m      8[0m clear_blocked_users()

File [0;32m~/rithm/youtube_3/app.py:2[0m
[1;32m      1[0m [38;5;28;01mimport[39;00m [38;5;21;01mos[39;00m
[0;32m----> 2[0m [38;5;28;01mfrom[39;00m [38;5;21;01mdotenv[39;00m [38;5;28;01mimport[39;00m load_dotenv
[1;32m      3[0m [38;5;28;01mfrom[39;00m [38;5;21;01mflask[39;00m [38;5;28;01mimport[39;00m Flask, render_template, request, flash, redirect, session, g, jsonify
[1;32m      4[0m [38;5;28;01mfrom[39;00m [38;5;21;01mflask_debugtoolbar[39;00m [38;5;28;01mimport[39;00m DebugToolbarExtension

[0;31mModuleNotFoundError[0m: No module named 'dotenv'
[0;31m---------------------------------------------------------------------------[0m
[0;31mModuleNotFoundError[0m                       Traceback (most recent call last)
File [0;32m~/rithm/youtube_3/blocked.py:2[0m
[1;32m      1[0m [38;5;124;03m"""Clears blocked users and gives them access to YouWish."""[39;00m
[0;32m----> 2[0m [38;5;28;01mfrom[39;00m [38;5;21;01mapp[39;00m [38;5;28;01mimport[39;00m clear_blocked_users
[1;32m      8[0m clear_blocked_users()

File [0;32m~/rithm/youtube_3/app.py:2[0m
[1;32m      1[0m [38;5;28;01mimport[39;00m [38;5;21;01mos[39;00m
[0;32m----> 2[0m [38;5;28;01mfrom[39;00m [38;5;21;01mdotenv[39;00m [38;5;28;01mimport[39;00m load_dotenv
[1;32m      3[0m [38;5;28;01mfrom[39;00m [38;5;21;01mflask[39;00m [38;5;28;01mimport[39;00m Flask, render_template, request, flash, redirect, session, g, jsonify
[1;32m      4[0m [38;5;28;01mfrom[39;00m [38;5;21;01mflask_debugtoolbar[39;00m [38;5;28;01mimport[39;00m DebugToolbarExtension

[0;31mModuleNotFoundError[0m: No module named 'dotenv'
[0;31m---------------------------------------------------------------------------[0m
[0;31mModuleNotFoundError[0m                       Traceback (most recent call last)
File [0;32m~/rithm/youtube_3/blocked.py:2[0m
[1;32m      1[0m [38;5;124;03m"""Clears blocked users and gives them access to YouWish."""[39;00m
[0;32m----> 2[0m [38;5;28;01mfrom[39;00m [38;5;21;01mapp[39;00m [38;5;28;01mimport[39;00m clear_blocked_users
[1;32m      8[0m clear_blocked_users()

File [0;32m~/rithm/youtube_3/app.py:2[0m
[1;32m      1[0m [38;5;28;01mimport[39;00m [38;5;21;01mos[39;00m
[0;32m----> 2[0m [38;5;28;01mfrom[39;00m [38;5;21;01mdotenv[39;00m [38;5;28;01mimport[39;00m load_dotenv
[1;32m      3[0m [38;5;28;01mfrom[39;00m [38;5;21;01mflask[39;00m [38;5;28;01mimport[39;00m Flask, render_template, request, flash, redirect, session, g, jsonify
[1;32m      4[0m [38;5;28;01mfrom[39;00m [38;5;21;01mflask_debugtoolbar[39;00m [38;5;28;01mimport[39;00m DebugToolbarExtension

[0;31mModuleNotFoundError[0m: No module named 'dotenv'
[0;31m---------------------------------------------------------------------------[0m
[0;31mModuleNotFoundError[0m                       Traceback (most recent call last)
File [0;32m~/rithm/youtube_3/blocked.py:2[0m
[1;32m      1[0m [38;5;124;03m"""Clears blocked users and gives them access to YouWish."""[39;00m
[0;32m----> 2[0m [38;5;28;01mfrom[39;00m [38;5;21;01mapp[39;00m [38;5;28;01mimport[39;00m clear_blocked_users
[1;32m      8[0m clear_blocked_users()

File [0;32m~/rithm/youtube_3/app.py:6[0m
[1;32m      3[0m [38;5;28;01mimport[39;00m [38;5;21;01msys[39;00m
[1;32m      4[0m sys[38;5;241m.[39mpath[38;5;241m.[39mappend([38;5;124m'[39m[38;5;124m/Users/jaskamalcheema/rithm/youtube_3[39m[38;5;124m'[39m)
[0;32m----> 6[0m [38;5;28;01mfrom[39;00m [38;5;21;01mdotenv[39;00m [38;5;28;01mimport[39;00m load_dotenv
[1;32m      7[0m [38;5;28;01mfrom[39;00m [38;5;21;01mflask[39;00m [38;5;28;01mimport[39;00m Flask, render_template, request, flash, redirect, session, g, jsonify
[1;32m      8[0m [38;5;28;01mfrom[39;00m [38;5;21;01mflask_debugtoolbar[39;00m [38;5;28;01mimport[39;00m DebugToolbarExtension

[0;31mModuleNotFoundError[0m: No module named 'dotenv'
[0;31m---------------------------------------------------------------------------[0m
[0;31mModuleNotFoundError[0m                       Traceback (most recent call last)
File [0;32m~/rithm/youtube_3/blocked.py:2[0m
[1;32m      1[0m [38;5;124;03m"""Clears blocked users and gives them access to YouWish."""[39;00m
[0;32m----> 2[0m [38;5;28;01mfrom[39;00m [38;5;21;01mapp[39;00m [38;5;28;01mimport[39;00m clear_blocked_users
[1;32m      5[0m [38;5;28;01mimport[39;00m [38;5;21;01msys[39;00m
[1;32m      6[0m sys[38;5;241m.[39mpath[38;5;241m.[39mappend([38;5;124m'[39m[38;5;124m/Users/jaskamalcheema/rithm/youtube_3[39m[38;5;124m'[39m)

File [0;32m~/rithm/youtube_3/app.py:6[0m
[1;32m      3[0m [38;5;28;01mimport[39;00m [38;5;21;01msys[39;00m
[1;32m      4[0m sys[38;5;241m.[39mpath[38;5;241m.[39mappend([38;5;124m'[39m[38;5;124m/Users/jaskamalcheema/rithm/youtube_3[39m[38;5;124m'[39m)
[0;32m----> 6[0m [38;5;28;01mfrom[39;00m [38;5;21;01mdotenv[39;00m [38;5;28;01mimport[39;00m load_dotenv
[1;32m      7[0m [38;5;28;01mfrom[39;00m [38;5;21;01mflask[39;00m [38;5;28;01mimport[39;00m Flask, render_template, request, flash, redirect, session, g, jsonify
[1;32m      8[0m [38;5;28;01mfrom[39;00m [38;5;21;01mflask_debugtoolbar[39;00m [38;5;28;01mimport[39;00m DebugToolbarExtension

[0;31mModuleNotFoundError[0m: No module named 'dotenv'
[0;31m---------------------------------------------------------------------------[0m
[0;31mModuleNotFoundError[0m                       Traceback (most recent call last)
File [0;32m~/rithm/youtube_3/blocked.py:2[0m
[1;32m      1[0m [38;5;124;03m"""Clears blocked users and gives them access to YouWish."""[39;00m
[0;32m----> 2[0m [38;5;28;01mfrom[39;00m [38;5;21;01mapp[39;00m [38;5;28;01mimport[39;00m clear_blocked_users
[1;32m      5[0m [38;5;28;01mimport[39;00m [38;5;21;01msys[39;00m
[1;32m      6[0m sys[38;5;241m.[39mpath[38;5;241m.[39mappend([38;5;124m'[39m[38;5;124m/Users/jaskamalcheema/rithm/youtube_3[39m[38;5;124m'[39m)

File [0;32m~/rithm/youtube_3/app.py:6[0m
[1;32m      3[0m [38;5;28;01mimport[39;00m [38;5;21;01msys[39;00m
[1;32m      4[0m sys[38;5;241m.[39mpath[38;5;241m.[39mappend([38;5;124m'[39m[38;5;124m/Users/jaskamalcheema/rithm/youtube_3[39m[38;5;124m'[39m)
[0;32m----> 6[0m [38;5;28;01mfrom[39;00m [38;5;21;01mdotenv[39;00m [38;5;28;01mimport[39;00m load_dotenv
[1;32m      7[0m [38;5;28;01mfrom[39;00m [38;5;21;01mflask[39;00m [38;5;28;01mimport[39;00m Flask, render_template, request, flash, redirect, session, g, jsonify
[1;32m      8[0m [38;5;28;01mfrom[39;00m [38;5;21;01mflask_debugtoolbar[39;00m [38;5;28;01mimport[39;00m DebugToolbarExtension

[0;31mModuleNotFoundError[0m: No module named 'dotenv'
[0;31m---------------------------------------------------------------------------[0m
[0;31mModuleNotFoundError[0m                       Traceback (most recent call last)
File [0;32m~/rithm/youtube_3/blocked.py:2[0m
[1;32m      1[0m [38;5;124;03m"""Clears blocked users and gives them access to YouWish."""[39;00m
[0;32m----> 2[0m [38;5;28;01mfrom[39;00m [38;5;21;01mapp[39;00m [38;5;28;01mimport[39;00m clear_blocked_users
[1;32m      5[0m [38;5;28;01mimport[39;00m [38;5;21;01msys[39;00m
[1;32m      6[0m sys[38;5;241m.[39mpath[38;5;241m.[39mappend([38;5;124m'[39m[38;5;124m/Users/jaskamalcheema/rithm/youtube_3[39m[38;5;124m'[39m)

File [0;32m~/rithm/youtube_3/app.py:6[0m
[1;32m      3[0m [38;5;28;01mimport[39;00m [38;5;21;01msys[39;00m
[1;32m      4[0m sys[38;5;241m.[39mpath[38;5;241m.[39mappend([38;5;124m'[39m[38;5;124m/Users/jaskamalcheema/rithm/youtube_3[39m[38;5;124m'[39m)
[0;32m----> 6[0m [38;5;28;01mfrom[39;00m [38;5;21;01mdotenv[39;00m [38;5;28;01mimport[39;00m load_dotenv
[1;32m      7[0m [38;5;28;01mfrom[39;00m [38;5;21;01mflask[39;00m [38;5;28;01mimport[39;00m Flask, render_template, request, flash, redirect, session, g, jsonify
[1;32m      8[0m [38;5;28;01mfrom[39;00m [38;5;21;01mflask_debugtoolbar[39;00m [38;5;28;01mimport[39;00m DebugToolbarExtension

[0;31mModuleNotFoundError[0m: No module named 'dotenv'
[0;31m---------------------------------------------------------------------------[0m
[0;31mModuleNotFoundError[0m                       Traceback (most recent call last)
File [0;32m~/rithm/youtube_3/blocked.py:2[0m
[1;32m      1[0m [38;5;124;03m"""Clears blocked users and gives them access to YouWish."""[39;00m
[0;32m----> 2[0m [38;5;28;01mfrom[39;00m [38;5;21;01mapp[39;00m [38;5;28;01mimport[39;00m clear_blocked_users
[1;32m      5[0m [38;5;28;01mimport[39;00m [38;5;21;01msys[39;00m
[1;32m      6[0m sys[38;5;241m.[39mpath[38;5;241m.[39mappend([38;5;124m'[39m[38;5;124m/Users/jaskamalcheema/rithm/youtube_3[39m[38;5;124m'[39m)

File [0;32m~/rithm/youtube_3/app.py:6[0m
[1;32m      3[0m [38;5;28;01mimport[39;00m [38;5;21;01msys[39;00m
[1;32m      4[0m sys[38;5;241m.[39mpath[38;5;241m.[39mappend([38;5;124m'[39m[38;5;124m/Users/jaskamalcheema/rithm/youtube_3[39m[38;5;124m'[39m)
[0;32m----> 6[0m [38;5;28;01mfrom[39;00m [38;5;21;01mdotenv[39;00m [38;5;28;01mimport[39;00m load_dotenv
[1;32m      7[0m [38;5;28;01mfrom[39;00m [38;5;21;01mflask[39;00m [38;5;28;01mimport[39;00m Flask, render_template, request, flash, redirect, session, g, jsonify
[1;32m      8[0m [38;5;28;01mfrom[39;00m [38;5;21;01mflask_debugtoolbar[39;00m [38;5;28;01mimport[39;00m DebugToolbarExtension

[0;31mModuleNotFoundError[0m: No module named 'dotenv'
[0;31m---------------------------------------------------------------------------[0m
[0;31mModuleNotFoundError[0m                       Traceback (most recent call last)
File [0;32m~/rithm/youtube_3/blocked.py:2[0m
[1;32m      1[0m [38;5;124;03m"""Clears blocked users and gives them access to YouWish."""[39;00m
[0;32m----> 2[0m [38;5;28;01mfrom[39;00m [38;5;21;01mapp[39;00m [38;5;28;01mimport[39;00m clear_blocked_users
[1;32m      5[0m [38;5;28;01mimport[39;00m [38;5;21;01msys[39;00m
[1;32m      6[0m sys[38;5;241m.[39mpath[38;5;241m.[39mappend([38;5;124m'[39m[38;5;124m/Users/jaskamalcheema/rithm/youtube_3[39m[38;5;124m'[39m)

File [0;32m~/rithm/youtube_3/app.py:6[0m
[1;32m      3[0m [38;5;28;01mimport[39;00m [38;5;21;01msys[39;00m
[1;32m      4[0m sys[38;5;241m.[39mpath[38;5;241m.[39mappend([38;5;124m'[39m[38;5;124m/Users/jaskamalcheema/rithm/youtube_3[39m[38;5;124m'[39m)
[0;32m----> 6[0m [38;5;28;01mfrom[39;00m [38;5;21;01mdotenv[39;00m [38;5;28;01mimport[39;00m load_dotenv
[1;32m      7[0m [38;5;28;01mfrom[39;00m [38;5;21;01mflask[39;00m [38;5;28;01mimport[39;00m Flask, render_template, request, flash, redirect, session, g, jsonify
[1;32m      8[0m [38;5;28;01mfrom[39;00m [38;5;21;01mflask_debugtoolbar[39;00m [38;5;28;01mimport[39;00m DebugToolbarExtension

[0;31mModuleNotFoundError[0m: No module named 'dotenv'
[0;31m---------------------------------------------------------------------------[0m
[0;31mModuleNotFoundError[0m                       Traceback (most recent call last)
File [0;32m~/rithm/youtube_3/blocked.py:2[0m
[1;32m      1[0m [38;5;124;03m"""Clears blocked users and gives them access to YouWish."""[39;00m
[0;32m----> 2[0m [38;5;28;01mfrom[39;00m [38;5;21;01mapp[39;00m [38;5;28;01mimport[39;00m clear_blocked_users
[1;32m      5[0m [38;5;28;01mimport[39;00m [38;5;21;01msys[39;00m
[1;32m      6[0m sys[38;5;241m.[39mpath[38;5;241m.[39mappend([38;5;124m'[39m[38;5;124m/Users/jaskamalcheema/rithm/youtube_3[39m[38;5;124m'[39m)

File [0;32m~/rithm/youtube_3/app.py:6[0m
[1;32m      3[0m [38;5;28;01mimport[39;00m [38;5;21;01msys[39;00m
[1;32m      4[0m sys[38;5;241m.[39mpath[38;5;241m.[39mappend([38;5;124m'[39m[38;5;124m/Users/jaskamalcheema/rithm/youtube_3[39m[38;5;124m'[39m)
[0;32m----> 6[0m [38;5;28;01mfrom[39;00m [38;5;21;01mdotenv[39;00m [38;5;28;01mimport[39;00m load_dotenv
[1;32m      7[0m [38;5;28;01mfrom[39;00m [38;5;21;01mflask[39;00m [38;5;28;01mimport[39;00m Flask, render_template, request, flash, redirect, session, g, jsonify
[1;32m      8[0m [38;5;28;01mfrom[39;00m [38;5;21;01mflask_debugtoolbar[39;00m [38;5;28;01mimport[39;00m DebugToolbarExtension

[0;31mModuleNotFoundError[0m: No module named 'dotenv'
[0;31m---------------------------------------------------------------------------[0m
[0;31mModuleNotFoundError[0m                       Traceback (most recent call last)
File [0;32m~/rithm/youtube_3/blocked.py:2[0m
[1;32m      1[0m [38;5;124;03m"""Clears blocked users and gives them access to YouWish."""[39;00m
[0;32m----> 2[0m [38;5;28;01mfrom[39;00m [38;5;21;01mapp[39;00m [38;5;28;01mimport[39;00m clear_blocked_users
[1;32m      5[0m [38;5;28;01mimport[39;00m [38;5;21;01msys[39;00m
[1;32m      6[0m sys[38;5;241m.[39mpath[38;5;241m.[39mappend([38;5;124m'[39m[38;5;124m/Users/jaskamalcheema/rithm/youtube_3[39m[38;5;124m'[39m)

File [0;32m~/rithm/youtube_3/app.py:6[0m
[1;32m      3[0m [38;5;28;01mimport[39;00m [38;5;21;01msys[39;00m
[1;32m      4[0m sys[38;5;241m.[39mpath[38;5;241m.[39mappend([38;5;124m'[39m[38;5;124m/Users/jaskamalcheema/rithm/youtube_3[39m[38;5;124m'[39m)
[0;32m----> 6[0m [38;5;28;01mfrom[39;00m [38;5;21;01mdotenv[39;00m [38;5;28;01mimport[39;00m load_dotenv
[1;32m      7[0m [38;5;28;01mfrom[39;00m [38;5;21;01mflask[39;00m [38;5;28;01mimport[39;00m Flask, render_template, request, flash, redirect, session, g, jsonify
[1;32m      8[0m [38;5;28;01mfrom[39;00m [38;5;21;01mflask_debugtoolbar[39;00m [38;5;28;01mimport[39;00m DebugToolbarExtension

[0;31mModuleNotFoundError[0m: No module named 'dotenv'
[0;31m---------------------------------------------------------------------------[0m
[0;31mModuleNotFoundError[0m                       Traceback (most recent call last)
File [0;32m~/rithm/youtube_3/blocked.py:2[0m
[1;32m      1[0m [38;5;124;03m"""Clears blocked users and gives them access to YouWish."""[39;00m
[0;32m----> 2[0m [38;5;28;01mfrom[39;00m [38;5;21;01mapp[39;00m [38;5;28;01mimport[39;00m clear_blocked_users
[1;32m      7[0m clear_blocked_users()

File [0;32m~/rithm/youtube_3/app.py:3[0m
[1;32m      1[0m [38;5;28;01mimport[39;00m [38;5;21;01mos[39;00m
[0;32m----> 3[0m [38;5;28;01mfrom[39;00m [38;5;21;01mdotenv[39;00m [38;5;28;01mimport[39;00m load_dotenv
[1;32m      4[0m [38;5;28;01mfrom[39;00m [38;5;21;01mflask[39;00m [38;5;28;01mimport[39;00m Flask, render_template, request, flash, redirect, session, g, jsonify
[1;32m      5[0m [38;5;28;01mfrom[39;00m [38;5;21;01mflask_debugtoolbar[39;00m [38;5;28;01mimport[39;00m DebugToolbarExtension

[0;31mModuleNotFoundError[0m: No module named 'dotenv'
[0;31m---------------------------------------------------------------------------[0m
[0;31mModuleNotFoundError[0m                       Traceback (most recent call last)
File [0;32m~/rithm/youtube_3/blocked.py:2[0m
[1;32m      1[0m [38;5;124;03m"""Clears blocked users and gives them access to YouWish."""[39;00m
[0;32m----> 2[0m [38;5;28;01mfrom[39;00m [38;5;21;01mapp[39;00m [38;5;28;01mimport[39;00m clear_blocked_users
[1;32m      7[0m clear_blocked_users()

File [0;32m~/rithm/youtube_3/app.py:5[0m
[1;32m      2[0m [38;5;28;01mfrom[39;00m [38;5;21;01mpathlib[39;00m [38;5;28;01mimport[39;00m Path  [38;5;66;03m# Python 3.6+ only[39;00m
[1;32m      3[0m env_path [38;5;241m=[39m Path([38;5;124m'[39m[38;5;124m.[39m[38;5;124m'[39m) [38;5;241m/[39m [38;5;124m'[39m[38;5;124m.env[39m[38;5;124m'[39m
[0;32m----> 5[0m [38;5;28;01mfrom[39;00m [38;5;21;01mdotenv[39;00m [38;5;28;01mimport[39;00m load_dotenv
[1;32m      6[0m [38;5;28;01mfrom[39;00m [38;5;21;01mflask[39;00m [38;5;28;01mimport[39;00m Flask, render_template, request, flash, redirect, session, g, jsonify
[1;32m      7[0m [38;5;28;01mfrom[39;00m [38;5;21;01mflask_debugtoolbar[39;00m [38;5;28;01mimport[39;00m DebugToolbarExtension

[0;31mModuleNotFoundError[0m: No module named 'dotenv'
[0;31m---------------------------------------------------------------------------[0m
[0;31mModuleNotFoundError[0m                       Traceback (most recent call last)
File [0;32m~/rithm/youtube_3/blocked.py:2[0m
[1;32m      1[0m [38;5;124;03m"""Clears blocked users and gives them access to YouWish."""[39;00m
[0;32m----> 2[0m [38;5;28;01mfrom[39;00m [38;5;21;01mapp[39;00m [38;5;28;01mimport[39;00m clear_blocked_users
[1;32m      7[0m clear_blocked_users()

File [0;32m~/rithm/youtube_3/app.py:5[0m
[1;32m      2[0m [38;5;28;01mfrom[39;00m [38;5;21;01mpathlib[39;00m [38;5;28;01mimport[39;00m Path  [38;5;66;03m# Python 3.6+ only[39;00m
[1;32m      3[0m env_path [38;5;241m=[39m Path([38;5;124m'[39m[38;5;124m.[39m[38;5;124m'[39m) [38;5;241m/[39m [38;5;124m'[39m[38;5;124m.env[39m[38;5;124m'[39m
[0;32m----> 5[0m [38;5;28;01mfrom[39;00m [38;5;21;01mdotenv[39;00m [38;5;28;01mimport[39;00m load_dotenv
[1;32m      6[0m [38;5;28;01mfrom[39;00m [38;5;21;01mflask[39;00m [38;5;28;01mimport[39;00m Flask, render_template, request, flash, redirect, session, g, jsonify
[1;32m      7[0m [38;5;28;01mfrom[39;00m [38;5;21;01mflask_debugtoolbar[39;00m [38;5;28;01mimport[39;00m DebugToolbarExtension

[0;31mModuleNotFoundError[0m: No module named 'dotenv'
[0;31m---------------------------------------------------------------------------[0m
[0;31mModuleNotFoundError[0m                       Traceback (most recent call last)
File [0;32m~/rithm/youtube_3/blocked.py:2[0m
[1;32m      1[0m [38;5;124;03m"""Clears blocked users and gives them access to YouWish."""[39;00m
[0;32m----> 2[0m [38;5;28;01mfrom[39;00m [38;5;21;01mapp[39;00m [38;5;28;01mimport[39;00m clear_blocked_users
[1;32m      7[0m clear_blocked_users()

File [0;32m~/rithm/youtube_3/app.py:5[0m
[1;32m      2[0m [38;5;28;01mfrom[39;00m [38;5;21;01mpathlib[39;00m [38;5;28;01mimport[39;00m Path  [38;5;66;03m# Python 3.6+ only[39;00m
[1;32m      3[0m env_path [38;5;241m=[39m Path([38;5;124m'[39m[38;5;124m.[39m[38;5;124m'[39m) [38;5;241m/[39m [38;5;124m'[39m[38;5;124m.env[39m[38;5;124m'[39m
[0;32m----> 5[0m [38;5;28;01mfrom[39;00m [38;5;21;01mdotenv[39;00m [38;5;28;01mimport[39;00m load_dotenv
[1;32m      6[0m [38;5;28;01mfrom[39;00m [38;5;21;01mflask[39;00m [38;5;28;01mimport[39;00m Flask, render_template, request, flash, redirect, session, g, jsonify
[1;32m      7[0m [38;5;28;01mfrom[39;00m [38;5;21;01mflask_debugtoolbar[39;00m [38;5;28;01mimport[39;00m DebugToolbarExtension

[0;31mModuleNotFoundError[0m: No module named 'dotenv'
[0;31m---------------------------------------------------------------------------[0m
[0;31mModuleNotFoundError[0m                       Traceback (most recent call last)
File [0;32m~/rithm/youtube_3/blocked.py:2[0m
[1;32m      1[0m [38;5;124;03m"""Clears blocked users and gives them access to YouWish."""[39;00m
[0;32m----> 2[0m [38;5;28;01mfrom[39;00m [38;5;21;01mapp[39;00m [38;5;28;01mimport[39;00m clear_blocked_users
[1;32m      7[0m clear_blocked_users()

File [0;32m~/rithm/youtube_3/app.py:5[0m
[1;32m      2[0m [38;5;28;01mfrom[39;00m [38;5;21;01mpathlib[39;00m [38;5;28;01mimport[39;00m Path  [38;5;66;03m# Python 3.6+ only[39;00m
[1;32m      3[0m env_path [38;5;241m=[39m Path([38;5;124m'[39m[38;5;124m.[39m[38;5;124m'[39m) [38;5;241m/[39m [38;5;124m'[39m[38;5;124m.env[39m[38;5;124m'[39m
[0;32m----> 5[0m [38;5;28;01mfrom[39;00m [38;5;21;01mdotenv[39;00m [38;5;28;01mimport[39;00m load_dotenv
[1;32m      6[0m [38;5;28;01mfrom[39;00m [38;5;21;01mflask[39;00m [38;5;28;01mimport[39;00m Flask, render_template, request, flash, redirect, session, g, jsonify
[1;32m      7[0m [38;5;28;01mfrom[39;00m [38;5;21;01mflask_debugtoolbar[39;00m [38;5;28;01mimport[39;00m DebugToolbarExtension

[0;31mModuleNotFoundError[0m: No module named 'dotenv'
[0;31m---------------------------------------------------------------------------[0m
[0;31mModuleNotFoundError[0m                       Traceback (most recent call last)
File [0;32m~/rithm/youtube_3/blocked.py:2[0m
[1;32m      1[0m [38;5;124;03m"""Clears blocked users and gives them access to YouWish."""[39;00m
[0;32m----> 2[0m [38;5;28;01mfrom[39;00m [38;5;21;01mapp[39;00m [38;5;28;01mimport[39;00m clear_blocked_users
[1;32m      7[0m clear_blocked_users()

File [0;32m~/rithm/youtube_3/app.py:5[0m
[1;32m      2[0m [38;5;28;01mfrom[39;00m [38;5;21;01mpathlib[39;00m [38;5;28;01mimport[39;00m Path  [38;5;66;03m# Python 3.6+ only[39;00m
[1;32m      3[0m env_path [38;5;241m=[39m Path([38;5;124m'[39m[38;5;124m.[39m[38;5;124m'[39m) [38;5;241m/[39m [38;5;124m'[39m[38;5;124m.env[39m[38;5;124m'[39m
[0;32m----> 5[0m [38;5;28;01mfrom[39;00m [38;5;21;01mdotenv[39;00m [38;5;28;01mimport[39;00m load_dotenv
[1;32m      6[0m [38;5;28;01mfrom[39;00m [38;5;21;01mflask[39;00m [38;5;28;01mimport[39;00m Flask, render_template, request, flash, redirect, session, g, jsonify
[1;32m      7[0m [38;5;28;01mfrom[39;00m [38;5;21;01mflask_debugtoolbar[39;00m [38;5;28;01mimport[39;00m DebugToolbarExtension

[0;31mModuleNotFoundError[0m: No module named 'dotenv'
[0;31m---------------------------------------------------------------------------[0m
[0;31mModuleNotFoundError[0m                       Traceback (most recent call last)
File [0;32m~/rithm/youtube_3/blocked.py:2[0m
[1;32m      1[0m [38;5;124;03m"""Clears blocked users and gives them access to YouWish."""[39;00m
[0;32m----> 2[0m [38;5;28;01mfrom[39;00m [38;5;21;01mapp[39;00m [38;5;28;01mimport[39;00m clear_blocked_users
[1;32m      7[0m clear_blocked_users()

File [0;32m~/rithm/youtube_3/app.py:5[0m
[1;32m      2[0m [38;5;28;01mfrom[39;00m [38;5;21;01mpathlib[39;00m [38;5;28;01mimport[39;00m Path  [38;5;66;03m# Python 3.6+ only[39;00m
[1;32m      3[0m env_path [38;5;241m=[39m Path([38;5;124m'[39m[38;5;124m.[39m[38;5;124m'[39m) [38;5;241m/[39m [38;5;124m'[39m[38;5;124m.env[39m[38;5;124m'[39m
[0;32m----> 5[0m [38;5;28;01mfrom[39;00m [38;5;21;01mdotenv[39;00m [38;5;28;01mimport[39;00m load_dotenv
[1;32m      6[0m [38;5;28;01mfrom[39;00m [38;5;21;01mflask[39;00m [38;5;28;01mimport[39;00m Flask, render_template, request, flash, redirect, session, g, jsonify
[1;32m      7[0m [38;5;28;01mfrom[39;00m [38;5;21;01mflask_debugtoolbar[39;00m [38;5;28;01mimport[39;00m DebugToolbarExtension

[0;31mModuleNotFoundError[0m: No module named 'dotenv'
[0;31m---------------------------------------------------------------------------[0m
[0;31mModuleNotFoundError[0m                       Traceback (most recent call last)
File [0;32m~/rithm/youtube_3/blocked.py:2[0m
[1;32m      1[0m [38;5;124;03m"""Clears blocked users and gives them access to YouWish."""[39;00m
[0;32m----> 2[0m [38;5;28;01mfrom[39;00m [38;5;21;01mapp[39;00m [38;5;28;01mimport[39;00m clear_blocked_users
[1;32m      7[0m clear_blocked_users()

File [0;32m~/rithm/youtube_3/app.py:5[0m
[1;32m      2[0m [38;5;28;01mfrom[39;00m [38;5;21;01mpathlib[39;00m [38;5;28;01mimport[39;00m Path  [38;5;66;03m# Python 3.6+ only[39;00m
[1;32m      3[0m env_path [38;5;241m=[39m Path([38;5;124m'[39m[38;5;124m.[39m[38;5;124m'[39m) [38;5;241m/[39m [38;5;124m'[39m[38;5;124m.env[39m[38;5;124m'[39m
[0;32m----> 5[0m [38;5;28;01mfrom[39;00m [38;5;21;01mdotenv[39;00m [38;5;28;01mimport[39;00m load_dotenv
[1;32m      6[0m [38;5;28;01mfrom[39;00m [38;5;21;01mflask[39;00m [38;5;28;01mimport[39;00m Flask, render_template, request, flash, redirect, session, g, jsonify
[1;32m      7[0m [38;5;28;01mfrom[39;00m [38;5;21;01mflask_debugtoolbar[39;00m [38;5;28;01mimport[39;00m DebugToolbarExtension

[0;31mModuleNotFoundError[0m: No module named 'dotenv'
[0;31m---------------------------------------------------------------------------[0m
[0;31mModuleNotFoundError[0m                       Traceback (most recent call last)
File [0;32m~/rithm/youtube_3/blocked.py:2[0m
[1;32m      1[0m [38;5;124;03m"""Clears blocked users and gives them access to YouWish."""[39;00m
[0;32m----> 2[0m [38;5;28;01mfrom[39;00m [38;5;21;01mapp[39;00m [38;5;28;01mimport[39;00m clear_blocked_users
[1;32m      7[0m clear_blocked_users()

File [0;32m~/rithm/youtube_3/app.py:5[0m
[1;32m      2[0m [38;5;28;01mfrom[39;00m [38;5;21;01mpathlib[39;00m [38;5;28;01mimport[39;00m Path  [38;5;66;03m# Python 3.6+ only[39;00m
[1;32m      3[0m env_path [38;5;241m=[39m Path([38;5;124m'[39m[38;5;124m.[39m[38;5;124m'[39m) [38;5;241m/[39m [38;5;124m'[39m[38;5;124m.env[39m[38;5;124m'[39m
[0;32m----> 5[0m [38;5;28;01mfrom[39;00m [38;5;21;01mdotenv[39;00m [38;5;28;01mimport[39;00m load_dotenv
[1;32m      6[0m [38;5;28;01mfrom[39;00m [38;5;21;01mflask[39;00m [38;5;28;01mimport[39;00m Flask, render_template, request, flash, redirect, session, g, jsonify
[1;32m      7[0m [38;5;28;01mfrom[39;00m [38;5;21;01mflask_debugtoolbar[39;00m [38;5;28;01mimport[39;00m DebugToolbarExtension

[0;31mModuleNotFoundError[0m: No module named 'dotenv'
[0;31m---------------------------------------------------------------------------[0m
[0;31mKeyError[0m                                  Traceback (most recent call last)
File [0;32m~/rithm/youtube_3/cron_wrapper.py:3[0m
[1;32m      1[0m [38;5;28;01mimport[39;00m [38;5;21;01mos[39;00m
[1;32m      2[0m [38;5;28;01mfrom[39;00m [38;5;21;01mdotenv[39;00m [38;5;28;01mimport[39;00m load_dotenv
[0;32m----> 3[0m [38;5;28;01mfrom[39;00m [38;5;21;01mblocked[39;00m [38;5;28;01mimport[39;00m clear_blocked_users
[1;32m      5[0m [38;5;28;01mdef[39;00m [38;5;21mmain[39m():
[1;32m      6[0m     [38;5;66;03m# Load environment variables from .env file[39;00m
[1;32m      7[0m     env_path [38;5;241m=[39m os[38;5;241m.[39mpath[38;5;241m.[39mjoin(os[38;5;241m.[39mpath[38;5;241m.[39mdirname([38;5;18m__file__[39m), [38;5;124m'[39m[38;5;124m.env[39m[38;5;124m'[39m)

File [0;32m~/rithm/youtube_3/blocked.py:2[0m
[1;32m      1[0m [38;5;124;03m"""Clears blocked users and gives them access to YouWish."""[39;00m
[0;32m----> 2[0m [38;5;28;01mfrom[39;00m [38;5;21;01mapp[39;00m [38;5;28;01mimport[39;00m clear_blocked_users
[1;32m      7[0m clear_blocked_users()

File [0;32m~/rithm/youtube_3/app.py:28[0m
[1;32m     24[0m load_dotenv(dotenv_path[38;5;241m=[39menv_path)
[1;32m     26[0m app [38;5;241m=[39m Flask([38;5;18m__name__[39m)
[0;32m---> 28[0m app[38;5;241m.[39mconfig[[38;5;124m'[39m[38;5;124mSQLALCHEMY_DATABASE_URI[39m[38;5;124m'[39m] [38;5;241m=[39m [43mos[49m[38;5;241;43m.[39;49m[43menviron[49m[43m[[49m[38;5;124;43m'[39;49m[38;5;124;43mDATABASE_URL[39;49m[38;5;124;43m'[39;49m[43m][49m
[1;32m     29[0m app[38;5;241m.[39mconfig[[38;5;124m'[39m[38;5;124mSQLALCHEMY_ECHO[39m[38;5;124m'[39m] [38;5;241m=[39m [38;5;28;01mFalse[39;00m
[1;32m     30[0m app[38;5;241m.[39mconfig[[38;5;124m'[39m[38;5;124mDEBUG_TB_INTERCEPT_REDIRECTS[39m[38;5;124m'[39m] [38;5;241m=[39m [38;5;28;01mFalse[39;00m

File [0;32m<frozen os>:679[0m, in [0;36m__getitem__[0;34m(self, key)[0m

[0;31mKeyError[0m: 'DATABASE_URL'
[0;31m---------------------------------------------------------------------------[0m
[0;31mKeyError[0m                                  Traceback (most recent call last)
File [0;32m~/rithm/youtube_3/cron_wrapper.py:3[0m
[1;32m      1[0m [38;5;28;01mimport[39;00m [38;5;21;01mos[39;00m
[1;32m      2[0m [38;5;28;01mfrom[39;00m [38;5;21;01mdotenv[39;00m [38;5;28;01mimport[39;00m load_dotenv
[0;32m----> 3[0m [38;5;28;01mfrom[39;00m [38;5;21;01mblocked[39;00m [38;5;28;01mimport[39;00m clear_blocked_users
[1;32m      5[0m [38;5;28;01mdef[39;00m [38;5;21mmain[39m():
[1;32m      6[0m     [38;5;66;03m# Load environment variables from .env file[39;00m
[1;32m      7[0m     env_path [38;5;241m=[39m os[38;5;241m.[39mpath[38;5;241m.[39mjoin(os[38;5;241m.[39mpath[38;5;241m.[39mdirname([38;5;18m__file__[39m), [38;5;124m'[39m[38;5;124m.env[39m[38;5;124m'[39m)

File [0;32m~/rithm/youtube_3/blocked.py:2[0m
[1;32m      1[0m [38;5;124;03m"""Clears blocked users and gives them access to YouWish."""[39;00m
[0;32m----> 2[0m [38;5;28;01mfrom[39;00m [38;5;21;01mapp[39;00m [38;5;28;01mimport[39;00m clear_blocked_users
[1;32m      7[0m clear_blocked_users()

File [0;32m~/rithm/youtube_3/app.py:28[0m
[1;32m     24[0m load_dotenv(dotenv_path[38;5;241m=[39menv_path)
[1;32m     26[0m app [38;5;241m=[39m Flask([38;5;18m__name__[39m)
[0;32m---> 28[0m app[38;5;241m.[39mconfig[[38;5;124m'[39m[38;5;124mSQLALCHEMY_DATABASE_URI[39m[38;5;124m'[39m] [38;5;241m=[39m [43mos[49m[38;5;241;43m.[39;49m[43menviron[49m[43m[[49m[38;5;124;43m'[39;49m[38;5;124;43mDATABASE_URL[39;49m[38;5;124;43m'[39;49m[43m][49m
[1;32m     29[0m app[38;5;241m.[39mconfig[[38;5;124m'[39m[38;5;124mSQLALCHEMY_ECHO[39m[38;5;124m'[39m] [38;5;241m=[39m [38;5;28;01mFalse[39;00m
[1;32m     30[0m app[38;5;241m.[39mconfig[[38;5;124m'[39m[38;5;124mDEBUG_TB_INTERCEPT_REDIRECTS[39m[38;5;124m'[39m] [38;5;241m=[39m [38;5;28;01mFalse[39;00m

File [0;32m<frozen os>:679[0m, in [0;36m__getitem__[0;34m(self, key)[0m

[0;31mKeyError[0m: 'DATABASE_URL'
cleared user
cleared user
cleared user
cleared user
cleared user
cleared user
cleared user
cleared user
cleared user
cleared user
cleared user
cleared user
cleared user

⠀⠀⠀⠀⣀⠤⠔⠒⠒⠒⠒⠒⠒⠒⠦⢄⣀⠀⠀⠀⠀
⠀⢀⡴⠋⠀⠀⠀⠀⠀⠀⠀⠀⠀⠀⠀⠀⠈⠑⢄⠀⠀
⢀⠎⠀⠀⠀⠀⠀⠀⠀⠀⠀⠀⠀⠀⠀⠀⠀⠀⠈⢣⠀
⢸⠀⡄⠀⠀⠀⠀⠀⠀⠀⠀⠀⠀⠀⠀⠀⠀⠀⢢⠈⡇
⢸⠀⣇⠀⠀⠀⠀⠀⠀⠀⠀⠀⠀⠀⠀⠀⠀⠀⡼⠀⡇
⠘⡆⢸⠀⢀⣀⣤⣄⡀⠀⠀⠀⢀⣤⣤⣄⡀⠀⡇⡸⠀
⠀⠘⣾⠀⣿⣿⣿⣿⣿⠀⠀⠀⣿⣿⣿⣿⣿⠀⡗⠁⠀
⠀⠀⣿⠀⠙⢿⣿⠿⠃⢠⢠⡀⠙⠿⣿⠿⠃⠀⡇⠀⠀
⠀⠀⠘⣄⡀⠀⠀⠀⢠⣿⢸⣿⠀⠀⠀⠀⠀⣠⠇⠀⠀
⠀⠀⠀⠀⡏⢷⡄⠀⠘⠟⠈⠿⠁⠀⢠⡞⡹⠁⠀⠀⠀
⠀⠀⠀⠀⢹⠸⠘⢢⢠⠤⠤⡤⡄⢰⢡⠁⡇⠀⠀⠀⠀
⠀⠀⠀⠀⢸⠀⠣⣹⢸⠒⠒⡗⡇⣩⠌⢀⡇⠀⠀⠀⠀
⠀⠀⠀⠀⠈⢧⡀⠀⠉⠉⠉⠉⠁⠀⣀⠜⠀⠀⠀⠀⠀
⠀⠀⠀⠀⠀⠀⠉⠓⠢⠤⠤⠤⠔⠊⠁⠀⠀⠀⠀

cleared user

⠀⠀⠀⠀⣀⠤⠔⠒⠒⠒⠒⠒⠒⠒⠦⢄⣀⠀⠀⠀⠀
⠀⢀⡴⠋⠀⠀⠀⠀⠀⠀⠀⠀⠀⠀⠀⠀⠈⠑⢄⠀⠀
⢀⠎⠀⠀⠀⠀⠀⠀⠀⠀⠀⠀⠀⠀⠀⠀⠀⠀⠈⢣⠀
⢸⠀⡄⠀⠀⠀⠀⠀⠀⠀⠀⠀⠀⠀⠀⠀⠀⠀⢢⠈⡇
⢸⠀⣇⠀⠀⠀⠀⠀⠀⠀⠀⠀⠀⠀⠀⠀⠀⠀⡼⠀⡇
⠘⡆⢸⠀⢀⣀⣤⣄⡀⠀⠀⠀⢀⣤⣤⣄⡀⠀⡇⡸⠀
⠀⠘⣾⠀⣿⣿⣿⣿⣿⠀⠀⠀⣿⣿⣿⣿⣿⠀⡗⠁⠀
⠀⠀⣿⠀⠙⢿⣿⠿⠃⢠⢠⡀⠙⠿⣿⠿⠃⠀⡇⠀⠀
⠀⠀⠘⣄⡀⠀⠀⠀⢠⣿⢸⣿⠀⠀⠀⠀⠀⣠⠇⠀⠀
⠀⠀⠀⠀⡏⢷⡄⠀⠘⠟⠈⠿⠁⠀⢠⡞⡹⠁⠀⠀⠀
⠀⠀⠀⠀⢹⠸⠘⢢⢠⠤⠤⡤⡄⢰⢡⠁⡇⠀⠀⠀⠀
⠀⠀⠀⠀⢸⠀⠣⣹⢸⠒⠒⡗⡇⣩⠌⢀⡇⠀⠀⠀⠀
⠀⠀⠀⠀⠈⢧⡀⠀⠉⠉⠉⠉⠁⠀⣀⠜⠀⠀⠀⠀⠀
⠀⠀⠀⠀⠀⠀⠉⠓⠢⠤⠤⠤⠔⠊⠁⠀⠀⠀⠀

cleared user

⠀⠀⠀⠀⣀⠤⠔⠒⠒⠒⠒⠒⠒⠒⠦⢄⣀⠀⠀⠀⠀
⠀⢀⡴⠋⠀⠀⠀⠀⠀⠀⠀⠀⠀⠀⠀⠀⠈⠑⢄⠀⠀
⢀⠎⠀⠀⠀⠀⠀⠀⠀⠀⠀⠀⠀⠀⠀⠀⠀⠀⠈⢣⠀
⢸⠀⡄⠀⠀⠀⠀⠀⠀⠀⠀⠀⠀⠀⠀⠀⠀⠀⢢⠈⡇
⢸⠀⣇⠀⠀⠀⠀⠀⠀⠀⠀⠀⠀⠀⠀⠀⠀⠀⡼⠀⡇
⠘⡆⢸⠀⢀⣀⣤⣄⡀⠀⠀⠀⢀⣤⣤⣄⡀⠀⡇⡸⠀
⠀⠘⣾⠀⣿⣿⣿⣿⣿⠀⠀⠀⣿⣿⣿⣿⣿⠀⡗⠁⠀
⠀⠀⣿⠀⠙⢿⣿⠿⠃⢠⢠⡀⠙⠿⣿⠿⠃⠀⡇⠀⠀
⠀⠀⠘⣄⡀⠀⠀⠀⢠⣿⢸⣿⠀⠀⠀⠀⠀⣠⠇⠀⠀
⠀⠀⠀⠀⡏⢷⡄⠀⠘⠟⠈⠿⠁⠀⢠⡞⡹⠁⠀⠀⠀
⠀⠀⠀⠀⢹⠸⠘⢢⢠⠤⠤⡤⡄⢰⢡⠁⡇⠀⠀⠀⠀
⠀⠀⠀⠀⢸⠀⠣⣹⢸⠒⠒⡗⡇⣩⠌⢀⡇⠀⠀⠀⠀
⠀⠀⠀⠀⠈⢧⡀⠀⠉⠉⠉⠉⠁⠀⣀⠜⠀⠀⠀⠀⠀
⠀⠀⠀⠀⠀⠀⠉⠓⠢⠤⠤⠤⠔⠊⠁⠀⠀⠀⠀

cleared user

⠀⠀⠀⠀⣀⠤⠔⠒⠒⠒⠒⠒⠒⠒⠦⢄⣀⠀⠀⠀⠀
⠀⢀⡴⠋⠀⠀⠀⠀⠀⠀⠀⠀⠀⠀⠀⠀⠈⠑⢄⠀⠀
⢀⠎⠀⠀⠀⠀⠀⠀⠀⠀⠀⠀⠀⠀⠀⠀⠀⠀⠈⢣⠀
⢸⠀⡄⠀⠀⠀⠀⠀⠀⠀⠀⠀⠀⠀⠀⠀⠀⠀⢢⠈⡇
⢸⠀⣇⠀⠀⠀⠀⠀⠀⠀⠀⠀⠀⠀⠀⠀⠀⠀⡼⠀⡇
⠘⡆⢸⠀⢀⣀⣤⣄⡀⠀⠀⠀⢀⣤⣤⣄⡀⠀⡇⡸⠀
⠀⠘⣾⠀⣿⣿⣿⣿⣿⠀⠀⠀⣿⣿⣿⣿⣿⠀⡗⠁⠀
⠀⠀⣿⠀⠙⢿⣿⠿⠃⢠⢠⡀⠙⠿⣿⠿⠃⠀⡇⠀⠀
⠀⠀⠘⣄⡀⠀⠀⠀⢠⣿⢸⣿⠀⠀⠀⠀⠀⣠⠇⠀⠀
⠀⠀⠀⠀⡏⢷⡄⠀⠘⠟⠈⠿⠁⠀⢠⡞⡹⠁⠀⠀⠀
⠀⠀⠀⠀⢹⠸⠘⢢⢠⠤⠤⡤⡄⢰⢡⠁⡇⠀⠀⠀⠀
⠀⠀⠀⠀⢸⠀⠣⣹⢸⠒⠒⡗⡇⣩⠌⢀⡇⠀⠀⠀⠀
⠀⠀⠀⠀⠈⢧⡀⠀⠉⠉⠉⠉⠁⠀⣀⠜⠀⠀⠀⠀⠀
⠀⠀⠀⠀⠀⠀⠉⠓⠢⠤⠤⠤⠔⠊⠁⠀⠀⠀⠀

cleared user

⠀⠀⠀⠀⣀⠤⠔⠒⠒⠒⠒⠒⠒⠒⠦⢄⣀⠀⠀⠀⠀
⠀⢀⡴⠋⠀⠀⠀⠀⠀⠀⠀⠀⠀⠀⠀⠀⠈⠑⢄⠀⠀
⢀⠎⠀⠀⠀⠀⠀⠀⠀⠀⠀⠀⠀⠀⠀⠀⠀⠀⠈⢣⠀
⢸⠀⡄⠀⠀⠀⠀⠀⠀⠀⠀⠀⠀⠀⠀⠀⠀⠀⢢⠈⡇
⢸⠀⣇⠀⠀⠀⠀⠀⠀⠀⠀⠀⠀⠀⠀⠀⠀⠀⡼⠀⡇
⠘⡆⢸⠀⢀⣀⣤⣄⡀⠀⠀⠀⢀⣤⣤⣄⡀⠀⡇⡸⠀
⠀⠘⣾⠀⣿⣿⣿⣿⣿⠀⠀⠀⣿⣿⣿⣿⣿⠀⡗⠁⠀
⠀⠀⣿⠀⠙⢿⣿⠿⠃⢠⢠⡀⠙⠿⣿⠿⠃⠀⡇⠀⠀
⠀⠀⠘⣄⡀⠀⠀⠀⢠⣿⢸⣿⠀⠀⠀⠀⠀⣠⠇⠀⠀
⠀⠀⠀⠀⡏⢷⡄⠀⠘⠟⠈⠿⠁⠀⢠⡞⡹⠁⠀⠀⠀
⠀⠀⠀⠀⢹⠸⠘⢢⢠⠤⠤⡤⡄⢰⢡⠁⡇⠀⠀⠀⠀
⠀⠀⠀⠀⢸⠀⠣⣹⢸⠒⠒⡗⡇⣩⠌⢀⡇⠀⠀⠀⠀
⠀⠀⠀⠀⠈⢧⡀⠀⠉⠉⠉⠉⠁⠀⣀⠜⠀⠀⠀⠀⠀
⠀⠀⠀⠀⠀⠀⠉⠓⠢⠤⠤⠤⠔⠊⠁⠀⠀⠀⠀

cleared user

⠀⠀⠀⠀⣀⠤⠔⠒⠒⠒⠒⠒⠒⠒⠦⢄⣀⠀⠀⠀⠀
⠀⢀⡴⠋⠀⠀⠀⠀⠀⠀⠀⠀⠀⠀⠀⠀⠈⠑⢄⠀⠀
⢀⠎⠀⠀⠀⠀⠀⠀⠀⠀⠀⠀⠀⠀⠀⠀⠀⠀⠈⢣⠀
⢸⠀⡄⠀⠀⠀⠀⠀⠀⠀⠀⠀⠀⠀⠀⠀⠀⠀⢢⠈⡇
⢸⠀⣇⠀⠀⠀⠀⠀⠀⠀⠀⠀⠀⠀⠀⠀⠀⠀⡼⠀⡇
⠘⡆⢸⠀⢀⣀⣤⣄⡀⠀⠀⠀⢀⣤⣤⣄⡀⠀⡇⡸⠀
⠀⠘⣾⠀⣿⣿⣿⣿⣿⠀⠀⠀⣿⣿⣿⣿⣿⠀⡗⠁⠀
⠀⠀⣿⠀⠙⢿⣿⠿⠃⢠⢠⡀⠙⠿⣿⠿⠃⠀⡇⠀⠀
⠀⠀⠘⣄⡀⠀⠀⠀⢠⣿⢸⣿⠀⠀⠀⠀⠀⣠⠇⠀⠀
⠀⠀⠀⠀⡏⢷⡄⠀⠘⠟⠈⠿⠁⠀⢠⡞⡹⠁⠀⠀⠀
⠀⠀⠀⠀⢹⠸⠘⢢⢠⠤⠤⡤⡄⢰⢡⠁⡇⠀⠀⠀⠀
⠀⠀⠀⠀⢸⠀⠣⣹⢸⠒⠒⡗⡇⣩⠌⢀⡇⠀⠀⠀⠀
⠀⠀⠀⠀⠈⢧⡀⠀⠉⠉⠉⠉⠁⠀⣀⠜⠀⠀⠀⠀⠀
⠀⠀⠀⠀⠀⠀⠉⠓⠢⠤⠤⠤⠔⠊⠁⠀⠀⠀⠀

cleared user

⠀⠀⠀⠀⣀⠤⠔⠒⠒⠒⠒⠒⠒⠒⠦⢄⣀⠀⠀⠀⠀
⠀⢀⡴⠋⠀⠀⠀⠀⠀⠀⠀⠀⠀⠀⠀⠀⠈⠑⢄⠀⠀
⢀⠎⠀⠀⠀⠀⠀⠀⠀⠀⠀⠀⠀⠀⠀⠀⠀⠀⠈⢣⠀
⢸⠀⡄⠀⠀⠀⠀⠀⠀⠀⠀⠀⠀⠀⠀⠀⠀⠀⢢⠈⡇
⢸⠀⣇⠀⠀⠀⠀⠀⠀⠀⠀⠀⠀⠀⠀⠀⠀⠀⡼⠀⡇
⠘⡆⢸⠀⢀⣀⣤⣄⡀⠀⠀⠀⢀⣤⣤⣄⡀⠀⡇⡸⠀
⠀⠘⣾⠀⣿⣿⣿⣿⣿⠀⠀⠀⣿⣿⣿⣿⣿⠀⡗⠁⠀
⠀⠀⣿⠀⠙⢿⣿⠿⠃⢠⢠⡀⠙⠿⣿⠿⠃⠀⡇⠀⠀
⠀⠀⠘⣄⡀⠀⠀⠀⢠⣿⢸⣿⠀⠀⠀⠀⠀⣠⠇⠀⠀
⠀⠀⠀⠀⡏⢷⡄⠀⠘⠟⠈⠿⠁⠀⢠⡞⡹⠁⠀⠀⠀
⠀⠀⠀⠀⢹⠸⠘⢢⢠⠤⠤⡤⡄⢰⢡⠁⡇⠀⠀⠀⠀
⠀⠀⠀⠀⢸⠀⠣⣹⢸⠒⠒⡗⡇⣩⠌⢀⡇⠀⠀⠀⠀
⠀⠀⠀⠀⠈⢧⡀⠀⠉⠉⠉⠉⠁⠀⣀⠜⠀⠀⠀⠀⠀
⠀⠀⠀⠀⠀⠀⠉⠓⠢⠤⠤⠤⠔⠊⠁⠀⠀⠀⠀

cleared user

⠀⠀⠀⠀⣀⠤⠔⠒⠒⠒⠒⠒⠒⠒⠦⢄⣀⠀⠀⠀⠀
⠀⢀⡴⠋⠀⠀⠀⠀⠀⠀⠀⠀⠀⠀⠀⠀⠈⠑⢄⠀⠀
⢀⠎⠀⠀⠀⠀⠀⠀⠀⠀⠀⠀⠀⠀⠀⠀⠀⠀⠈⢣⠀
⢸⠀⡄⠀⠀⠀⠀⠀⠀⠀⠀⠀⠀⠀⠀⠀⠀⠀⢢⠈⡇
⢸⠀⣇⠀⠀⠀⠀⠀⠀⠀⠀⠀⠀⠀⠀⠀⠀⠀⡼⠀⡇
⠘⡆⢸⠀⢀⣀⣤⣄⡀⠀⠀⠀⢀⣤⣤⣄⡀⠀⡇⡸⠀
⠀⠘⣾⠀⣿⣿⣿⣿⣿⠀⠀⠀⣿⣿⣿⣿⣿⠀⡗⠁⠀
⠀⠀⣿⠀⠙⢿⣿⠿⠃⢠⢠⡀⠙⠿⣿⠿⠃⠀⡇⠀⠀
⠀⠀⠘⣄⡀⠀⠀⠀⢠⣿⢸⣿⠀⠀⠀⠀⠀⣠⠇⠀⠀
⠀⠀⠀⠀⡏⢷⡄⠀⠘⠟⠈⠿⠁⠀⢠⡞⡹⠁⠀⠀⠀
⠀⠀⠀⠀⢹⠸⠘⢢⢠⠤⠤⡤⡄⢰⢡⠁⡇⠀⠀⠀⠀
⠀⠀⠀⠀⢸⠀⠣⣹⢸⠒⠒⡗⡇⣩⠌⢀⡇⠀⠀⠀⠀
⠀⠀⠀⠀⠈⢧⡀⠀⠉⠉⠉⠉⠁⠀⣀⠜⠀⠀⠀⠀⠀
⠀⠀⠀⠀⠀⠀⠉⠓⠢⠤⠤⠤⠔⠊⠁⠀⠀⠀⠀

cleared user

⠀⠀⠀⠀⣀⠤⠔⠒⠒⠒⠒⠒⠒⠒⠦⢄⣀⠀⠀⠀⠀
⠀⢀⡴⠋⠀⠀⠀⠀⠀⠀⠀⠀⠀⠀⠀⠀⠈⠑⢄⠀⠀
⢀⠎⠀⠀⠀⠀⠀⠀⠀⠀⠀⠀⠀⠀⠀⠀⠀⠀⠈⢣⠀
⢸⠀⡄⠀⠀⠀⠀⠀⠀⠀⠀⠀⠀⠀⠀⠀⠀⠀⢢⠈⡇
⢸⠀⣇⠀⠀⠀⠀⠀⠀⠀⠀⠀⠀⠀⠀⠀⠀⠀⡼⠀⡇
⠘⡆⢸⠀⢀⣀⣤⣄⡀⠀⠀⠀⢀⣤⣤⣄⡀⠀⡇⡸⠀
⠀⠘⣾⠀⣿⣿⣿⣿⣿⠀⠀⠀⣿⣿⣿⣿⣿⠀⡗⠁⠀
⠀⠀⣿⠀⠙⢿⣿⠿⠃⢠⢠⡀⠙⠿⣿⠿⠃⠀⡇⠀⠀
⠀⠀⠘⣄⡀⠀⠀⠀⢠⣿⢸⣿⠀⠀⠀⠀⠀⣠⠇⠀⠀
⠀⠀⠀⠀⡏⢷⡄⠀⠘⠟⠈⠿⠁⠀⢠⡞⡹⠁⠀⠀⠀
⠀⠀⠀⠀⢹⠸⠘⢢⢠⠤⠤⡤⡄⢰⢡⠁⡇⠀⠀⠀⠀
⠀⠀⠀⠀⢸⠀⠣⣹⢸⠒⠒⡗⡇⣩⠌⢀⡇⠀⠀⠀⠀
⠀⠀⠀⠀⠈⢧⡀⠀⠉⠉⠉⠉⠁⠀⣀⠜⠀⠀⠀⠀⠀
⠀⠀⠀⠀⠀⠀⠉⠓⠢⠤⠤⠤⠔⠊⠁⠀⠀⠀⠀

cleared user

⠀⠀⠀⠀⣀⠤⠔⠒⠒⠒⠒⠒⠒⠒⠦⢄⣀⠀⠀⠀⠀
⠀⢀⡴⠋⠀⠀⠀⠀⠀⠀⠀⠀⠀⠀⠀⠀⠈⠑⢄⠀⠀
⢀⠎⠀⠀⠀⠀⠀⠀⠀⠀⠀⠀⠀⠀⠀⠀⠀⠀⠈⢣⠀
⢸⠀⡄⠀⠀⠀⠀⠀⠀⠀⠀⠀⠀⠀⠀⠀⠀⠀⢢⠈⡇
⢸⠀⣇⠀⠀⠀⠀⠀⠀⠀⠀⠀⠀⠀⠀⠀⠀⠀⡼⠀⡇
⠘⡆⢸⠀⢀⣀⣤⣄⡀⠀⠀⠀⢀⣤⣤⣄⡀⠀⡇⡸⠀
⠀⠘⣾⠀⣿⣿⣿⣿⣿⠀⠀⠀⣿⣿⣿⣿⣿⠀⡗⠁⠀
⠀⠀⣿⠀⠙⢿⣿⠿⠃⢠⢠⡀⠙⠿⣿⠿⠃⠀⡇⠀⠀
⠀⠀⠘⣄⡀⠀⠀⠀⢠⣿⢸⣿⠀⠀⠀⠀⠀⣠⠇⠀⠀
⠀⠀⠀⠀⡏⢷⡄⠀⠘⠟⠈⠿⠁⠀⢠⡞⡹⠁⠀⠀⠀
⠀⠀⠀⠀⢹⠸⠘⢢⢠⠤⠤⡤⡄⢰⢡⠁⡇⠀⠀⠀⠀
⠀⠀⠀⠀⢸⠀⠣⣹⢸⠒⠒⡗⡇⣩⠌⢀⡇⠀⠀⠀⠀
⠀⠀⠀⠀⠈⢧⡀⠀⠉⠉⠉⠉⠁⠀⣀⠜⠀⠀⠀⠀⠀
⠀⠀⠀⠀⠀⠀⠉⠓⠢⠤⠤⠤⠔⠊⠁⠀⠀⠀⠀

cleared user

⠀⠀⠀⠀⣀⠤⠔⠒⠒⠒⠒⠒⠒⠒⠦⢄⣀⠀⠀⠀⠀
⠀⢀⡴⠋⠀⠀⠀⠀⠀⠀⠀⠀⠀⠀⠀⠀⠈⠑⢄⠀⠀
⢀⠎⠀⠀⠀⠀⠀⠀⠀⠀⠀⠀⠀⠀⠀⠀⠀⠀⠈⢣⠀
⢸⠀⡄⠀⠀⠀⠀⠀⠀⠀⠀⠀⠀⠀⠀⠀⠀⠀⢢⠈⡇
⢸⠀⣇⠀⠀⠀⠀⠀⠀⠀⠀⠀⠀⠀⠀⠀⠀⠀⡼⠀⡇
⠘⡆⢸⠀⢀⣀⣤⣄⡀⠀⠀⠀⢀⣤⣤⣄⡀⠀⡇⡸⠀
⠀⠘⣾⠀⣿⣿⣿⣿⣿⠀⠀⠀⣿⣿⣿⣿⣿⠀⡗⠁⠀
⠀⠀⣿⠀⠙⢿⣿⠿⠃⢠⢠⡀⠙⠿⣿⠿⠃⠀⡇⠀⠀
⠀⠀⠘⣄⡀⠀⠀⠀⢠⣿⢸⣿⠀⠀⠀⠀⠀⣠⠇⠀⠀
⠀⠀⠀⠀⡏⢷⡄⠀⠘⠟⠈⠿⠁⠀⢠⡞⡹⠁⠀⠀⠀
⠀⠀⠀⠀⢹⠸⠘⢢⢠⠤⠤⡤⡄⢰⢡⠁⡇⠀⠀⠀⠀
⠀⠀⠀⠀⢸⠀⠣⣹⢸⠒⠒⡗⡇⣩⠌⢀⡇⠀⠀⠀⠀
⠀⠀⠀⠀⠈⢧⡀⠀⠉⠉⠉⠉⠁⠀⣀⠜⠀⠀⠀⠀⠀
⠀⠀⠀⠀⠀⠀⠉⠓⠢⠤⠤⠤⠔⠊⠁⠀⠀⠀⠀

cleared user

⠀⠀⠀⠀⣀⠤⠔⠒⠒⠒⠒⠒⠒⠒⠦⢄⣀⠀⠀⠀⠀
⠀⢀⡴⠋⠀⠀⠀⠀⠀⠀⠀⠀⠀⠀⠀⠀⠈⠑⢄⠀⠀
⢀⠎⠀⠀⠀⠀⠀⠀⠀⠀⠀⠀⠀⠀⠀⠀⠀⠀⠈⢣⠀
⢸⠀⡄⠀⠀⠀⠀⠀⠀⠀⠀⠀⠀⠀⠀⠀⠀⠀⢢⠈⡇
⢸⠀⣇⠀⠀⠀⠀⠀⠀⠀⠀⠀⠀⠀⠀⠀⠀⠀⡼⠀⡇
⠘⡆⢸⠀⢀⣀⣤⣄⡀⠀⠀⠀⢀⣤⣤⣄⡀⠀⡇⡸⠀
⠀⠘⣾⠀⣿⣿⣿⣿⣿⠀⠀⠀⣿⣿⣿⣿⣿⠀⡗⠁⠀
⠀⠀⣿⠀⠙⢿⣿⠿⠃⢠⢠⡀⠙⠿⣿⠿⠃⠀⡇⠀⠀
⠀⠀⠘⣄⡀⠀⠀⠀⢠⣿⢸⣿⠀⠀⠀⠀⠀⣠⠇⠀⠀
⠀⠀⠀⠀⡏⢷⡄⠀⠘⠟⠈⠿⠁⠀⢠⡞⡹⠁⠀⠀⠀
⠀⠀⠀⠀⢹⠸⠘⢢⢠⠤⠤⡤⡄⢰⢡⠁⡇⠀⠀⠀⠀
⠀⠀⠀⠀⢸⠀⠣⣹⢸⠒⠒⡗⡇⣩⠌⢀⡇⠀⠀⠀⠀
⠀⠀⠀⠀⠈⢧⡀⠀⠉⠉⠉⠉⠁⠀⣀⠜⠀⠀⠀⠀⠀
⠀⠀⠀⠀⠀⠀⠉⠓⠢⠤⠤⠤⠔⠊⠁⠀⠀⠀⠀

cleared user

⠀⠀⠀⠀⣀⠤⠔⠒⠒⠒⠒⠒⠒⠒⠦⢄⣀⠀⠀⠀⠀
⠀⢀⡴⠋⠀⠀⠀⠀⠀⠀⠀⠀⠀⠀⠀⠀⠈⠑⢄⠀⠀
⢀⠎⠀⠀⠀⠀⠀⠀⠀⠀⠀⠀⠀⠀⠀⠀⠀⠀⠈⢣⠀
⢸⠀⡄⠀⠀⠀⠀⠀⠀⠀⠀⠀⠀⠀⠀⠀⠀⠀⢢⠈⡇
⢸⠀⣇⠀⠀⠀⠀⠀⠀⠀⠀⠀⠀⠀⠀⠀⠀⠀⡼⠀⡇
⠘⡆⢸⠀⢀⣀⣤⣄⡀⠀⠀⠀⢀⣤⣤⣄⡀⠀⡇⡸⠀
⠀⠘⣾⠀⣿⣿⣿⣿⣿⠀⠀⠀⣿⣿⣿⣿⣿⠀⡗⠁⠀
⠀⠀⣿⠀⠙⢿⣿⠿⠃⢠⢠⡀⠙⠿⣿⠿⠃⠀⡇⠀⠀
⠀⠀⠘⣄⡀⠀⠀⠀⢠⣿⢸⣿⠀⠀⠀⠀⠀⣠⠇⠀⠀
⠀⠀⠀⠀⡏⢷⡄⠀⠘⠟⠈⠿⠁⠀⢠⡞⡹⠁⠀⠀⠀
⠀⠀⠀⠀⢹⠸⠘⢢⢠⠤⠤⡤⡄⢰⢡⠁⡇⠀⠀⠀⠀
⠀⠀⠀⠀⢸⠀⠣⣹⢸⠒⠒⡗⡇⣩⠌⢀⡇⠀⠀⠀⠀
⠀⠀⠀⠀⠈⢧⡀⠀⠉⠉⠉⠉⠁⠀⣀⠜⠀⠀⠀⠀⠀
⠀⠀⠀⠀⠀⠀⠉⠓⠢⠤⠤⠤⠔⠊⠁⠀⠀⠀⠀

cleared user

⠀⠀⠀⠀⣀⠤⠔⠒⠒⠒⠒⠒⠒⠒⠦⢄⣀⠀⠀⠀⠀
⠀⢀⡴⠋⠀⠀⠀⠀⠀⠀⠀⠀⠀⠀⠀⠀⠈⠑⢄⠀⠀
⢀⠎⠀⠀⠀⠀⠀⠀⠀⠀⠀⠀⠀⠀⠀⠀⠀⠀⠈⢣⠀
⢸⠀⡄⠀⠀⠀⠀⠀⠀⠀⠀⠀⠀⠀⠀⠀⠀⠀⢢⠈⡇
⢸⠀⣇⠀⠀⠀⠀⠀⠀⠀⠀⠀⠀⠀⠀⠀⠀⠀⡼⠀⡇
⠘⡆⢸⠀⢀⣀⣤⣄⡀⠀⠀⠀⢀⣤⣤⣄⡀⠀⡇⡸⠀
⠀⠘⣾⠀⣿⣿⣿⣿⣿⠀⠀⠀⣿⣿⣿⣿⣿⠀⡗⠁⠀
⠀⠀⣿⠀⠙⢿⣿⠿⠃⢠⢠⡀⠙⠿⣿⠿⠃⠀⡇⠀⠀
⠀⠀⠘⣄⡀⠀⠀⠀⢠⣿⢸⣿⠀⠀⠀⠀⠀⣠⠇⠀⠀
⠀⠀⠀⠀⡏⢷⡄⠀⠘⠟⠈⠿⠁⠀⢠⡞⡹⠁⠀⠀⠀
⠀⠀⠀⠀⢹⠸⠘⢢⢠⠤⠤⡤⡄⢰⢡⠁⡇⠀⠀⠀⠀
⠀⠀⠀⠀⢸⠀⠣⣹⢸⠒⠒⡗⡇⣩⠌⢀⡇⠀⠀⠀⠀
⠀⠀⠀⠀⠈⢧⡀⠀⠉⠉⠉⠉⠁⠀⣀⠜⠀⠀⠀⠀⠀
⠀⠀⠀⠀⠀⠀⠉⠓⠢⠤⠤⠤⠔⠊⠁⠀⠀⠀⠀

[0;36m  File [0;32m~/rithm/youtube_3/app.py:535[0;36m[0m
[0;31m    def check blocked[0m
[0m              ^[0m
[0;31mSyntaxError[0m[0;31m:[0m expected '('

[0;36m  File [0;32m~/rithm/youtube_3/app.py:535[0;36m[0m
[0;31m    def check blocked_total():[0m
[0m              ^[0m
[0;31mSyntaxError[0m[0;31m:[0m expected '('

cleared user

⠀⠀⠀⠀⣀⠤⠔⠒⠒⠒⠒⠒⠒⠒⠦⢄⣀⠀⠀⠀⠀
⠀⢀⡴⠋⠀⠀⠀⠀⠀⠀⠀⠀⠀⠀⠀⠀⠈⠑⢄⠀⠀
⢀⠎⠀⠀⠀⠀⠀⠀⠀⠀⠀⠀⠀⠀⠀⠀⠀⠀⠈⢣⠀
⢸⠀⡄⠀⠀⠀⠀⠀⠀⠀⠀⠀⠀⠀⠀⠀⠀⠀⢢⠈⡇
⢸⠀⣇⠀⠀⠀⠀⠀⠀⠀⠀⠀⠀⠀⠀⠀⠀⠀⡼⠀⡇
⠘⡆⢸⠀⢀⣀⣤⣄⡀⠀⠀⠀⢀⣤⣤⣄⡀⠀⡇⡸⠀
⠀⠘⣾⠀⣿⣿⣿⣿⣿⠀⠀⠀⣿⣿⣿⣿⣿⠀⡗⠁⠀
⠀⠀⣿⠀⠙⢿⣿⠿⠃⢠⢠⡀⠙⠿⣿⠿⠃⠀⡇⠀⠀
⠀⠀⠘⣄⡀⠀⠀⠀⢠⣿⢸⣿⠀⠀⠀⠀⠀⣠⠇⠀⠀
⠀⠀⠀⠀⡏⢷⡄⠀⠘⠟⠈⠿⠁⠀⢠⡞⡹⠁⠀⠀⠀
⠀⠀⠀⠀⢹⠸⠘⢢⢠⠤⠤⡤⡄⢰⢡⠁⡇⠀⠀⠀⠀
⠀⠀⠀⠀⢸⠀⠣⣹⢸⠒⠒⡗⡇⣩⠌⢀⡇⠀⠀⠀⠀
⠀⠀⠀⠀⠈⢧⡀⠀⠉⠉⠉⠉⠁⠀⣀⠜⠀⠀⠀⠀⠀
⠀⠀⠀⠀⠀⠀⠉⠓⠢⠤⠤⠤⠔⠊⠁⠀⠀⠀⠀

cleared user

⠀⠀⠀⠀⣀⠤⠔⠒⠒⠒⠒⠒⠒⠒⠦⢄⣀⠀⠀⠀⠀
⠀⢀⡴⠋⠀⠀⠀⠀⠀⠀⠀⠀⠀⠀⠀⠀⠈⠑⢄⠀⠀
⢀⠎⠀⠀⠀⠀⠀⠀⠀⠀⠀⠀⠀⠀⠀⠀⠀⠀⠈⢣⠀
⢸⠀⡄⠀⠀⠀⠀⠀⠀⠀⠀⠀⠀⠀⠀⠀⠀⠀⢢⠈⡇
⢸⠀⣇⠀⠀⠀⠀⠀⠀⠀⠀⠀⠀⠀⠀⠀⠀⠀⡼⠀⡇
⠘⡆⢸⠀⢀⣀⣤⣄⡀⠀⠀⠀⢀⣤⣤⣄⡀⠀⡇⡸⠀
⠀⠘⣾⠀⣿⣿⣿⣿⣿⠀⠀⠀⣿⣿⣿⣿⣿⠀⡗⠁⠀
⠀⠀⣿⠀⠙⢿⣿⠿⠃⢠⢠⡀⠙⠿⣿⠿⠃⠀⡇⠀⠀
⠀⠀⠘⣄⡀⠀⠀⠀⢠⣿⢸⣿⠀⠀⠀⠀⠀⣠⠇⠀⠀
⠀⠀⠀⠀⡏⢷⡄⠀⠘⠟⠈⠿⠁⠀⢠⡞⡹⠁⠀⠀⠀
⠀⠀⠀⠀⢹⠸⠘⢢⢠⠤⠤⡤⡄⢰⢡⠁⡇⠀⠀⠀⠀
⠀⠀⠀⠀⢸⠀⠣⣹⢸⠒⠒⡗⡇⣩⠌⢀⡇⠀⠀⠀⠀
⠀⠀⠀⠀⠈⢧⡀⠀⠉⠉⠉⠉⠁⠀⣀⠜⠀⠀⠀⠀⠀
⠀⠀⠀⠀⠀⠀⠉⠓⠢⠤⠤⠤⠔⠊⠁⠀⠀⠀⠀

cleared user

⠀⠀⠀⠀⣀⠤⠔⠒⠒⠒⠒⠒⠒⠒⠦⢄⣀⠀⠀⠀⠀
⠀⢀⡴⠋⠀⠀⠀⠀⠀⠀⠀⠀⠀⠀⠀⠀⠈⠑⢄⠀⠀
⢀⠎⠀⠀⠀⠀⠀⠀⠀⠀⠀⠀⠀⠀⠀⠀⠀⠀⠈⢣⠀
⢸⠀⡄⠀⠀⠀⠀⠀⠀⠀⠀⠀⠀⠀⠀⠀⠀⠀⢢⠈⡇
⢸⠀⣇⠀⠀⠀⠀⠀⠀⠀⠀⠀⠀⠀⠀⠀⠀⠀⡼⠀⡇
⠘⡆⢸⠀⢀⣀⣤⣄⡀⠀⠀⠀⢀⣤⣤⣄⡀⠀⡇⡸⠀
⠀⠘⣾⠀⣿⣿⣿⣿⣿⠀⠀⠀⣿⣿⣿⣿⣿⠀⡗⠁⠀
⠀⠀⣿⠀⠙⢿⣿⠿⠃⢠⢠⡀⠙⠿⣿⠿⠃⠀⡇⠀⠀
⠀⠀⠘⣄⡀⠀⠀⠀⢠⣿⢸⣿⠀⠀⠀⠀⠀⣠⠇⠀⠀
⠀⠀⠀⠀⡏⢷⡄⠀⠘⠟⠈⠿⠁⠀⢠⡞⡹⠁⠀⠀⠀
⠀⠀⠀⠀⢹⠸⠘⢢⢠⠤⠤⡤⡄⢰⢡⠁⡇⠀⠀⠀⠀
⠀⠀⠀⠀⢸⠀⠣⣹⢸⠒⠒⡗⡇⣩⠌⢀⡇⠀⠀⠀⠀
⠀⠀⠀⠀⠈⢧⡀⠀⠉⠉⠉⠉⠁⠀⣀⠜⠀⠀⠀⠀⠀
⠀⠀⠀⠀⠀⠀⠉⠓⠢⠤⠤⠤⠔⠊⠁⠀⠀⠀⠀

[0;36m  File [0;32m~/rithm/youtube_3/app.py:541[0;36m[0m
[0;31m    if user in highest_blocked_users[0m
[0m                                     ^[0m
[0;31mSyntaxError[0m[0;31m:[0m expected ':'

[0;36m  File [0;32m~/rithm/youtube_3/app.py:541[0;36m[0m
[0;31m    if user.blocked_total in highest_blocked_users[0m
[0m                                                  ^[0m
[0;31mSyntaxError[0m[0;31m:[0m expected ':'

[0;36m  File [0;32m~/rithm/youtube_3/app.py:543[0;36m[0m
[0;31m    if user.blocked_total in highest_blocked_users[0m
[0m                                                  ^[0m
[0;31mSyntaxError[0m[0;31m:[0m expected ':'

cleared user

⠀⠀⠀⠀⣀⠤⠔⠒⠒⠒⠒⠒⠒⠒⠦⢄⣀⠀⠀⠀⠀
⠀⢀⡴⠋⠀⠀⠀⠀⠀⠀⠀⠀⠀⠀⠀⠀⠈⠑⢄⠀⠀
⢀⠎⠀⠀⠀⠀⠀⠀⠀⠀⠀⠀⠀⠀⠀⠀⠀⠀⠈⢣⠀
⢸⠀⡄⠀⠀⠀⠀⠀⠀⠀⠀⠀⠀⠀⠀⠀⠀⠀⢢⠈⡇
⢸⠀⣇⠀⠀⠀⠀⠀⠀⠀⠀⠀⠀⠀⠀⠀⠀⠀⡼⠀⡇
⠘⡆⢸⠀⢀⣀⣤⣄⡀⠀⠀⠀⢀⣤⣤⣄⡀⠀⡇⡸⠀
⠀⠘⣾⠀⣿⣿⣿⣿⣿⠀⠀⠀⣿⣿⣿⣿⣿⠀⡗⠁⠀
⠀⠀⣿⠀⠙⢿⣿⠿⠃⢠⢠⡀⠙⠿⣿⠿⠃⠀⡇⠀⠀
⠀⠀⠘⣄⡀⠀⠀⠀⢠⣿⢸⣿⠀⠀⠀⠀⠀⣠⠇⠀⠀
⠀⠀⠀⠀⡏⢷⡄⠀⠘⠟⠈⠿⠁⠀⢠⡞⡹⠁⠀⠀⠀
⠀⠀⠀⠀⢹⠸⠘⢢⢠⠤⠤⡤⡄⢰⢡⠁⡇⠀⠀⠀⠀
⠀⠀⠀⠀⢸⠀⠣⣹⢸⠒⠒⡗⡇⣩⠌⢀⡇⠀⠀⠀⠀
⠀⠀⠀⠀⠈⢧⡀⠀⠉⠉⠉⠉⠁⠀⣀⠜⠀⠀⠀⠀⠀
⠀⠀⠀⠀⠀⠀⠉⠓⠢⠤⠤⠤⠔⠊⠁⠀⠀⠀⠀

cleared user

⠀⠀⠀⠀⣀⠤⠔⠒⠒⠒⠒⠒⠒⠒⠦⢄⣀⠀⠀⠀⠀
⠀⢀⡴⠋⠀⠀⠀⠀⠀⠀⠀⠀⠀⠀⠀⠀⠈⠑⢄⠀⠀
⢀⠎⠀⠀⠀⠀⠀⠀⠀⠀⠀⠀⠀⠀⠀⠀⠀⠀⠈⢣⠀
⢸⠀⡄⠀⠀⠀⠀⠀⠀⠀⠀⠀⠀⠀⠀⠀⠀⠀⢢⠈⡇
⢸⠀⣇⠀⠀⠀⠀⠀⠀⠀⠀⠀⠀⠀⠀⠀⠀⠀⡼⠀⡇
⠘⡆⢸⠀⢀⣀⣤⣄⡀⠀⠀⠀⢀⣤⣤⣄⡀⠀⡇⡸⠀
⠀⠘⣾⠀⣿⣿⣿⣿⣿⠀⠀⠀⣿⣿⣿⣿⣿⠀⡗⠁⠀
⠀⠀⣿⠀⠙⢿⣿⠿⠃⢠⢠⡀⠙⠿⣿⠿⠃⠀⡇⠀⠀
⠀⠀⠘⣄⡀⠀⠀⠀⢠⣿⢸⣿⠀⠀⠀⠀⠀⣠⠇⠀⠀
⠀⠀⠀⠀⡏⢷⡄⠀⠘⠟⠈⠿⠁⠀⢠⡞⡹⠁⠀⠀⠀
⠀⠀⠀⠀⢹⠸⠘⢢⢠⠤⠤⡤⡄⢰⢡⠁⡇⠀⠀⠀⠀
⠀⠀⠀⠀⢸⠀⠣⣹⢸⠒⠒⡗⡇⣩⠌⢀⡇⠀⠀⠀⠀
⠀⠀⠀⠀⠈⢧⡀⠀⠉⠉⠉⠉⠁⠀⣀⠜⠀⠀⠀⠀⠀
⠀⠀⠀⠀⠀⠀⠉⠓⠢⠤⠤⠤⠔⠊⠁⠀⠀⠀⠀

cleared user

⠀⠀⠀⠀⣀⠤⠔⠒⠒⠒⠒⠒⠒⠒⠦⢄⣀⠀⠀⠀⠀
⠀⢀⡴⠋⠀⠀⠀⠀⠀⠀⠀⠀⠀⠀⠀⠀⠈⠑⢄⠀⠀
⢀⠎⠀⠀⠀⠀⠀⠀⠀⠀⠀⠀⠀⠀⠀⠀⠀⠀⠈⢣⠀
⢸⠀⡄⠀⠀⠀⠀⠀⠀⠀⠀⠀⠀⠀⠀⠀⠀⠀⢢⠈⡇
⢸⠀⣇⠀⠀⠀⠀⠀⠀⠀⠀⠀⠀⠀⠀⠀⠀⠀⡼⠀⡇
⠘⡆⢸⠀⢀⣀⣤⣄⡀⠀⠀⠀⢀⣤⣤⣄⡀⠀⡇⡸⠀
⠀⠘⣾⠀⣿⣿⣿⣿⣿⠀⠀⠀⣿⣿⣿⣿⣿⠀⡗⠁⠀
⠀⠀⣿⠀⠙⢿⣿⠿⠃⢠⢠⡀⠙⠿⣿⠿⠃⠀⡇⠀⠀
⠀⠀⠘⣄⡀⠀⠀⠀⢠⣿⢸⣿⠀⠀⠀⠀⠀⣠⠇⠀⠀
⠀⠀⠀⠀⡏⢷⡄⠀⠘⠟⠈⠿⠁⠀⢠⡞⡹⠁⠀⠀⠀
⠀⠀⠀⠀⢹⠸⠘⢢⢠⠤⠤⡤⡄⢰⢡⠁⡇⠀⠀⠀⠀
⠀⠀⠀⠀⢸⠀⠣⣹⢸⠒⠒⡗⡇⣩⠌⢀⡇⠀⠀⠀⠀
⠀⠀⠀⠀⠈⢧⡀⠀⠉⠉⠉⠉⠁⠀⣀⠜⠀⠀⠀⠀⠀
⠀⠀⠀⠀⠀⠀⠉⠓⠢⠤⠤⠤⠔⠊⠁⠀⠀⠀⠀

cleared user

⠀⠀⠀⠀⣀⠤⠔⠒⠒⠒⠒⠒⠒⠒⠦⢄⣀⠀⠀⠀⠀
⠀⢀⡴⠋⠀⠀⠀⠀⠀⠀⠀⠀⠀⠀⠀⠀⠈⠑⢄⠀⠀
⢀⠎⠀⠀⠀⠀⠀⠀⠀⠀⠀⠀⠀⠀⠀⠀⠀⠀⠈⢣⠀
⢸⠀⡄⠀⠀⠀⠀⠀⠀⠀⠀⠀⠀⠀⠀⠀⠀⠀⢢⠈⡇
⢸⠀⣇⠀⠀⠀⠀⠀⠀⠀⠀⠀⠀⠀⠀⠀⠀⠀⡼⠀⡇
⠘⡆⢸⠀⢀⣀⣤⣄⡀⠀⠀⠀⢀⣤⣤⣄⡀⠀⡇⡸⠀
⠀⠘⣾⠀⣿⣿⣿⣿⣿⠀⠀⠀⣿⣿⣿⣿⣿⠀⡗⠁⠀
⠀⠀⣿⠀⠙⢿⣿⠿⠃⢠⢠⡀⠙⠿⣿⠿⠃⠀⡇⠀⠀
⠀⠀⠘⣄⡀⠀⠀⠀⢠⣿⢸⣿⠀⠀⠀⠀⠀⣠⠇⠀⠀
⠀⠀⠀⠀⡏⢷⡄⠀⠘⠟⠈⠿⠁⠀⢠⡞⡹⠁⠀⠀⠀
⠀⠀⠀⠀⢹⠸⠘⢢⢠⠤⠤⡤⡄⢰⢡⠁⡇⠀⠀⠀⠀
⠀⠀⠀⠀⢸⠀⠣⣹⢸⠒⠒⡗⡇⣩⠌⢀⡇⠀⠀⠀⠀
⠀⠀⠀⠀⠈⢧⡀⠀⠉⠉⠉⠉⠁⠀⣀⠜⠀⠀⠀⠀⠀
⠀⠀⠀⠀⠀⠀⠉⠓⠢⠤⠤⠤⠔⠊⠁⠀⠀⠀⠀

cleared user

⠀⠀⠀⠀⣀⠤⠔⠒⠒⠒⠒⠒⠒⠒⠦⢄⣀⠀⠀⠀⠀
⠀⢀⡴⠋⠀⠀⠀⠀⠀⠀⠀⠀⠀⠀⠀⠀⠈⠑⢄⠀⠀
⢀⠎⠀⠀⠀⠀⠀⠀⠀⠀⠀⠀⠀⠀⠀⠀⠀⠀⠈⢣⠀
⢸⠀⡄⠀⠀⠀⠀⠀⠀⠀⠀⠀⠀⠀⠀⠀⠀⠀⢢⠈⡇
⢸⠀⣇⠀⠀⠀⠀⠀⠀⠀⠀⠀⠀⠀⠀⠀⠀⠀⡼⠀⡇
⠘⡆⢸⠀⢀⣀⣤⣄⡀⠀⠀⠀⢀⣤⣤⣄⡀⠀⡇⡸⠀
⠀⠘⣾⠀⣿⣿⣿⣿⣿⠀⠀⠀⣿⣿⣿⣿⣿⠀⡗⠁⠀
⠀⠀⣿⠀⠙⢿⣿⠿⠃⢠⢠⡀⠙⠿⣿⠿⠃⠀⡇⠀⠀
⠀⠀⠘⣄⡀⠀⠀⠀⢠⣿⢸⣿⠀⠀⠀⠀⠀⣠⠇⠀⠀
⠀⠀⠀⠀⡏⢷⡄⠀⠘⠟⠈⠿⠁⠀⢠⡞⡹⠁⠀⠀⠀
⠀⠀⠀⠀⢹⠸⠘⢢⢠⠤⠤⡤⡄⢰⢡⠁⡇⠀⠀⠀⠀
⠀⠀⠀⠀⢸⠀⠣⣹⢸⠒⠒⡗⡇⣩⠌⢀⡇⠀⠀⠀⠀
⠀⠀⠀⠀⠈⢧⡀⠀⠉⠉⠉⠉⠁⠀⣀⠜⠀⠀⠀⠀⠀
⠀⠀⠀⠀⠀⠀⠉⠓⠢⠤⠤⠤⠔⠊⠁⠀⠀⠀⠀

cleared user

⠀⠀⠀⠀⣀⠤⠔⠒⠒⠒⠒⠒⠒⠒⠦⢄⣀⠀⠀⠀⠀
⠀⢀⡴⠋⠀⠀⠀⠀⠀⠀⠀⠀⠀⠀⠀⠀⠈⠑⢄⠀⠀
⢀⠎⠀⠀⠀⠀⠀⠀⠀⠀⠀⠀⠀⠀⠀⠀⠀⠀⠈⢣⠀
⢸⠀⡄⠀⠀⠀⠀⠀⠀⠀⠀⠀⠀⠀⠀⠀⠀⠀⢢⠈⡇
⢸⠀⣇⠀⠀⠀⠀⠀⠀⠀⠀⠀⠀⠀⠀⠀⠀⠀⡼⠀⡇
⠘⡆⢸⠀⢀⣀⣤⣄⡀⠀⠀⠀⢀⣤⣤⣄⡀⠀⡇⡸⠀
⠀⠘⣾⠀⣿⣿⣿⣿⣿⠀⠀⠀⣿⣿⣿⣿⣿⠀⡗⠁⠀
⠀⠀⣿⠀⠙⢿⣿⠿⠃⢠⢠⡀⠙⠿⣿⠿⠃⠀⡇⠀⠀
⠀⠀⠘⣄⡀⠀⠀⠀⢠⣿⢸⣿⠀⠀⠀⠀⠀⣠⠇⠀⠀
⠀⠀⠀⠀⡏⢷⡄⠀⠘⠟⠈⠿⠁⠀⢠⡞⡹⠁⠀⠀⠀
⠀⠀⠀⠀⢹⠸⠘⢢⢠⠤⠤⡤⡄⢰⢡⠁⡇⠀⠀⠀⠀
⠀⠀⠀⠀⢸⠀⠣⣹⢸⠒⠒⡗⡇⣩⠌⢀⡇⠀⠀⠀⠀
⠀⠀⠀⠀⠈⢧⡀⠀⠉⠉⠉⠉⠁⠀⣀⠜⠀⠀⠀⠀⠀
⠀⠀⠀⠀⠀⠀⠉⠓⠢⠤⠤⠤⠔⠊⠁⠀⠀⠀⠀

cleared user

⠀⠀⠀⠀⣀⠤⠔⠒⠒⠒⠒⠒⠒⠒⠦⢄⣀⠀⠀⠀⠀
⠀⢀⡴⠋⠀⠀⠀⠀⠀⠀⠀⠀⠀⠀⠀⠀⠈⠑⢄⠀⠀
⢀⠎⠀⠀⠀⠀⠀⠀⠀⠀⠀⠀⠀⠀⠀⠀⠀⠀⠈⢣⠀
⢸⠀⡄⠀⠀⠀⠀⠀⠀⠀⠀⠀⠀⠀⠀⠀⠀⠀⢢⠈⡇
⢸⠀⣇⠀⠀⠀⠀⠀⠀⠀⠀⠀⠀⠀⠀⠀⠀⠀⡼⠀⡇
⠘⡆⢸⠀⢀⣀⣤⣄⡀⠀⠀⠀⢀⣤⣤⣄⡀⠀⡇⡸⠀
⠀⠘⣾⠀⣿⣿⣿⣿⣿⠀⠀⠀⣿⣿⣿⣿⣿⠀⡗⠁⠀
⠀⠀⣿⠀⠙⢿⣿⠿⠃⢠⢠⡀⠙⠿⣿⠿⠃⠀⡇⠀⠀
⠀⠀⠘⣄⡀⠀⠀⠀⢠⣿⢸⣿⠀⠀⠀⠀⠀⣠⠇⠀⠀
⠀⠀⠀⠀⡏⢷⡄⠀⠘⠟⠈⠿⠁⠀⢠⡞⡹⠁⠀⠀⠀
⠀⠀⠀⠀⢹⠸⠘⢢⢠⠤⠤⡤⡄⢰⢡⠁⡇⠀⠀⠀⠀
⠀⠀⠀⠀⢸⠀⠣⣹⢸⠒⠒⡗⡇⣩⠌⢀⡇⠀⠀⠀⠀
⠀⠀⠀⠀⠈⢧⡀⠀⠉⠉⠉⠉⠁⠀⣀⠜⠀⠀⠀⠀⠀
⠀⠀⠀⠀⠀⠀⠉⠓⠢⠤⠤⠤⠔⠊⠁⠀⠀⠀⠀

cleared user

⠀⠀⠀⠀⣀⠤⠔⠒⠒⠒⠒⠒⠒⠒⠦⢄⣀⠀⠀⠀⠀
⠀⢀⡴⠋⠀⠀⠀⠀⠀⠀⠀⠀⠀⠀⠀⠀⠈⠑⢄⠀⠀
⢀⠎⠀⠀⠀⠀⠀⠀⠀⠀⠀⠀⠀⠀⠀⠀⠀⠀⠈⢣⠀
⢸⠀⡄⠀⠀⠀⠀⠀⠀⠀⠀⠀⠀⠀⠀⠀⠀⠀⢢⠈⡇
⢸⠀⣇⠀⠀⠀⠀⠀⠀⠀⠀⠀⠀⠀⠀⠀⠀⠀⡼⠀⡇
⠘⡆⢸⠀⢀⣀⣤⣄⡀⠀⠀⠀⢀⣤⣤⣄⡀⠀⡇⡸⠀
⠀⠘⣾⠀⣿⣿⣿⣿⣿⠀⠀⠀⣿⣿⣿⣿⣿⠀⡗⠁⠀
⠀⠀⣿⠀⠙⢿⣿⠿⠃⢠⢠⡀⠙⠿⣿⠿⠃⠀⡇⠀⠀
⠀⠀⠘⣄⡀⠀⠀⠀⢠⣿⢸⣿⠀⠀⠀⠀⠀⣠⠇⠀⠀
⠀⠀⠀⠀⡏⢷⡄⠀⠘⠟⠈⠿⠁⠀⢠⡞⡹⠁⠀⠀⠀
⠀⠀⠀⠀⢹⠸⠘⢢⢠⠤⠤⡤⡄⢰⢡⠁⡇⠀⠀⠀⠀
⠀⠀⠀⠀⢸⠀⠣⣹⢸⠒⠒⡗⡇⣩⠌⢀⡇⠀⠀⠀⠀
⠀⠀⠀⠀⠈⢧⡀⠀⠉⠉⠉⠉⠁⠀⣀⠜⠀⠀⠀⠀⠀
⠀⠀⠀⠀⠀⠀⠉⠓⠢⠤⠤⠤⠔⠊⠁⠀⠀⠀⠀

cleared user

⠀⠀⠀⠀⣀⠤⠔⠒⠒⠒⠒⠒⠒⠒⠦⢄⣀⠀⠀⠀⠀
⠀⢀⡴⠋⠀⠀⠀⠀⠀⠀⠀⠀⠀⠀⠀⠀⠈⠑⢄⠀⠀
⢀⠎⠀⠀⠀⠀⠀⠀⠀⠀⠀⠀⠀⠀⠀⠀⠀⠀⠈⢣⠀
⢸⠀⡄⠀⠀⠀⠀⠀⠀⠀⠀⠀⠀⠀⠀⠀⠀⠀⢢⠈⡇
⢸⠀⣇⠀⠀⠀⠀⠀⠀⠀⠀⠀⠀⠀⠀⠀⠀⠀⡼⠀⡇
⠘⡆⢸⠀⢀⣀⣤⣄⡀⠀⠀⠀⢀⣤⣤⣄⡀⠀⡇⡸⠀
⠀⠘⣾⠀⣿⣿⣿⣿⣿⠀⠀⠀⣿⣿⣿⣿⣿⠀⡗⠁⠀
⠀⠀⣿⠀⠙⢿⣿⠿⠃⢠⢠⡀⠙⠿⣿⠿⠃⠀⡇⠀⠀
⠀⠀⠘⣄⡀⠀⠀⠀⢠⣿⢸⣿⠀⠀⠀⠀⠀⣠⠇⠀⠀
⠀⠀⠀⠀⡏⢷⡄⠀⠘⠟⠈⠿⠁⠀⢠⡞⡹⠁⠀⠀⠀
⠀⠀⠀⠀⢹⠸⠘⢢⢠⠤⠤⡤⡄⢰⢡⠁⡇⠀⠀⠀⠀
⠀⠀⠀⠀⢸⠀⠣⣹⢸⠒⠒⡗⡇⣩⠌⢀⡇⠀⠀⠀⠀
⠀⠀⠀⠀⠈⢧⡀⠀⠉⠉⠉⠉⠁⠀⣀⠜⠀⠀⠀⠀⠀
⠀⠀⠀⠀⠀⠀⠉⠓⠢⠤⠤⠤⠔⠊⠁⠀⠀⠀⠀

cleared user

⠀⠀⠀⠀⣀⠤⠔⠒⠒⠒⠒⠒⠒⠒⠦⢄⣀⠀⠀⠀⠀
⠀⢀⡴⠋⠀⠀⠀⠀⠀⠀⠀⠀⠀⠀⠀⠀⠈⠑⢄⠀⠀
⢀⠎⠀⠀⠀⠀⠀⠀⠀⠀⠀⠀⠀⠀⠀⠀⠀⠀⠈⢣⠀
⢸⠀⡄⠀⠀⠀⠀⠀⠀⠀⠀⠀⠀⠀⠀⠀⠀⠀⢢⠈⡇
⢸⠀⣇⠀⠀⠀⠀⠀⠀⠀⠀⠀⠀⠀⠀⠀⠀⠀⡼⠀⡇
⠘⡆⢸⠀⢀⣀⣤⣄⡀⠀⠀⠀⢀⣤⣤⣄⡀⠀⡇⡸⠀
⠀⠘⣾⠀⣿⣿⣿⣿⣿⠀⠀⠀⣿⣿⣿⣿⣿⠀⡗⠁⠀
⠀⠀⣿⠀⠙⢿⣿⠿⠃⢠⢠⡀⠙⠿⣿⠿⠃⠀⡇⠀⠀
⠀⠀⠘⣄⡀⠀⠀⠀⢠⣿⢸⣿⠀⠀⠀⠀⠀⣠⠇⠀⠀
⠀⠀⠀⠀⡏⢷⡄⠀⠘⠟⠈⠿⠁⠀⢠⡞⡹⠁⠀⠀⠀
⠀⠀⠀⠀⢹⠸⠘⢢⢠⠤⠤⡤⡄⢰⢡⠁⡇⠀⠀⠀⠀
⠀⠀⠀⠀⢸⠀⠣⣹⢸⠒⠒⡗⡇⣩⠌⢀⡇⠀⠀⠀⠀
⠀⠀⠀⠀⠈⢧⡀⠀⠉⠉⠉⠉⠁⠀⣀⠜⠀⠀⠀⠀⠀
⠀⠀⠀⠀⠀⠀⠉⠓⠢⠤⠤⠤⠔⠊⠁⠀⠀⠀⠀

cleared user

⠀⠀⠀⠀⣀⠤⠔⠒⠒⠒⠒⠒⠒⠒⠦⢄⣀⠀⠀⠀⠀
⠀⢀⡴⠋⠀⠀⠀⠀⠀⠀⠀⠀⠀⠀⠀⠀⠈⠑⢄⠀⠀
⢀⠎⠀⠀⠀⠀⠀⠀⠀⠀⠀⠀⠀⠀⠀⠀⠀⠀⠈⢣⠀
⢸⠀⡄⠀⠀⠀⠀⠀⠀⠀⠀⠀⠀⠀⠀⠀⠀⠀⢢⠈⡇
⢸⠀⣇⠀⠀⠀⠀⠀⠀⠀⠀⠀⠀⠀⠀⠀⠀⠀⡼⠀⡇
⠘⡆⢸⠀⢀⣀⣤⣄⡀⠀⠀⠀⢀⣤⣤⣄⡀⠀⡇⡸⠀
⠀⠘⣾⠀⣿⣿⣿⣿⣿⠀⠀⠀⣿⣿⣿⣿⣿⠀⡗⠁⠀
⠀⠀⣿⠀⠙⢿⣿⠿⠃⢠⢠⡀⠙⠿⣿⠿⠃⠀⡇⠀⠀
⠀⠀⠘⣄⡀⠀⠀⠀⢠⣿⢸⣿⠀⠀⠀⠀⠀⣠⠇⠀⠀
⠀⠀⠀⠀⡏⢷⡄⠀⠘⠟⠈⠿⠁⠀⢠⡞⡹⠁⠀⠀⠀
⠀⠀⠀⠀⢹⠸⠘⢢⢠⠤⠤⡤⡄⢰⢡⠁⡇⠀⠀⠀⠀
⠀⠀⠀⠀⢸⠀⠣⣹⢸⠒⠒⡗⡇⣩⠌⢀⡇⠀⠀⠀⠀
⠀⠀⠀⠀⠈⢧⡀⠀⠉⠉⠉⠉⠁⠀⣀⠜⠀⠀⠀⠀⠀
⠀⠀⠀⠀⠀⠀⠉⠓⠢⠤⠤⠤⠔⠊⠁⠀⠀⠀⠀

cleared user

⠀⠀⠀⠀⣀⠤⠔⠒⠒⠒⠒⠒⠒⠒⠦⢄⣀⠀⠀⠀⠀
⠀⢀⡴⠋⠀⠀⠀⠀⠀⠀⠀⠀⠀⠀⠀⠀⠈⠑⢄⠀⠀
⢀⠎⠀⠀⠀⠀⠀⠀⠀⠀⠀⠀⠀⠀⠀⠀⠀⠀⠈⢣⠀
⢸⠀⡄⠀⠀⠀⠀⠀⠀⠀⠀⠀⠀⠀⠀⠀⠀⠀⢢⠈⡇
⢸⠀⣇⠀⠀⠀⠀⠀⠀⠀⠀⠀⠀⠀⠀⠀⠀⠀⡼⠀⡇
⠘⡆⢸⠀⢀⣀⣤⣄⡀⠀⠀⠀⢀⣤⣤⣄⡀⠀⡇⡸⠀
⠀⠘⣾⠀⣿⣿⣿⣿⣿⠀⠀⠀⣿⣿⣿⣿⣿⠀⡗⠁⠀
⠀⠀⣿⠀⠙⢿⣿⠿⠃⢠⢠⡀⠙⠿⣿⠿⠃⠀⡇⠀⠀
⠀⠀⠘⣄⡀⠀⠀⠀⢠⣿⢸⣿⠀⠀⠀⠀⠀⣠⠇⠀⠀
⠀⠀⠀⠀⡏⢷⡄⠀⠘⠟⠈⠿⠁⠀⢠⡞⡹⠁⠀⠀⠀
⠀⠀⠀⠀⢹⠸⠘⢢⢠⠤⠤⡤⡄⢰⢡⠁⡇⠀⠀⠀⠀
⠀⠀⠀⠀⢸⠀⠣⣹⢸⠒⠒⡗⡇⣩⠌⢀⡇⠀⠀⠀⠀
⠀⠀⠀⠀⠈⢧⡀⠀⠉⠉⠉⠉⠁⠀⣀⠜⠀⠀⠀⠀⠀
⠀⠀⠀⠀⠀⠀⠉⠓⠢⠤⠤⠤⠔⠊⠁⠀⠀⠀⠀

cleared user

⠀⠀⠀⠀⣀⠤⠔⠒⠒⠒⠒⠒⠒⠒⠦⢄⣀⠀⠀⠀⠀
⠀⢀⡴⠋⠀⠀⠀⠀⠀⠀⠀⠀⠀⠀⠀⠀⠈⠑⢄⠀⠀
⢀⠎⠀⠀⠀⠀⠀⠀⠀⠀⠀⠀⠀⠀⠀⠀⠀⠀⠈⢣⠀
⢸⠀⡄⠀⠀⠀⠀⠀⠀⠀⠀⠀⠀⠀⠀⠀⠀⠀⢢⠈⡇
⢸⠀⣇⠀⠀⠀⠀⠀⠀⠀⠀⠀⠀⠀⠀⠀⠀⠀⡼⠀⡇
⠘⡆⢸⠀⢀⣀⣤⣄⡀⠀⠀⠀⢀⣤⣤⣄⡀⠀⡇⡸⠀
⠀⠘⣾⠀⣿⣿⣿⣿⣿⠀⠀⠀⣿⣿⣿⣿⣿⠀⡗⠁⠀
⠀⠀⣿⠀⠙⢿⣿⠿⠃⢠⢠⡀⠙⠿⣿⠿⠃⠀⡇⠀⠀
⠀⠀⠘⣄⡀⠀⠀⠀⢠⣿⢸⣿⠀⠀⠀⠀⠀⣠⠇⠀⠀
⠀⠀⠀⠀⡏⢷⡄⠀⠘⠟⠈⠿⠁⠀⢠⡞⡹⠁⠀⠀⠀
⠀⠀⠀⠀⢹⠸⠘⢢⢠⠤⠤⡤⡄⢰⢡⠁⡇⠀⠀⠀⠀
⠀⠀⠀⠀⢸⠀⠣⣹⢸⠒⠒⡗⡇⣩⠌⢀⡇⠀⠀⠀⠀
⠀⠀⠀⠀⠈⢧⡀⠀⠉⠉⠉⠉⠁⠀⣀⠜⠀⠀⠀⠀⠀
⠀⠀⠀⠀⠀⠀⠉⠓⠢⠤⠤⠤⠔⠊⠁⠀⠀⠀⠀

cleared user

⠀⠀⠀⠀⣀⠤⠔⠒⠒⠒⠒⠒⠒⠒⠦⢄⣀⠀⠀⠀⠀
⠀⢀⡴⠋⠀⠀⠀⠀⠀⠀⠀⠀⠀⠀⠀⠀⠈⠑⢄⠀⠀
⢀⠎⠀⠀⠀⠀⠀⠀⠀⠀⠀⠀⠀⠀⠀⠀⠀⠀⠈⢣⠀
⢸⠀⡄⠀⠀⠀⠀⠀⠀⠀⠀⠀⠀⠀⠀⠀⠀⠀⢢⠈⡇
⢸⠀⣇⠀⠀⠀⠀⠀⠀⠀⠀⠀⠀⠀⠀⠀⠀⠀⡼⠀⡇
⠘⡆⢸⠀⢀⣀⣤⣄⡀⠀⠀⠀⢀⣤⣤⣄⡀⠀⡇⡸⠀
⠀⠘⣾⠀⣿⣿⣿⣿⣿⠀⠀⠀⣿⣿⣿⣿⣿⠀⡗⠁⠀
⠀⠀⣿⠀⠙⢿⣿⠿⠃⢠⢠⡀⠙⠿⣿⠿⠃⠀⡇⠀⠀
⠀⠀⠘⣄⡀⠀⠀⠀⢠⣿⢸⣿⠀⠀⠀⠀⠀⣠⠇⠀⠀
⠀⠀⠀⠀⡏⢷⡄⠀⠘⠟⠈⠿⠁⠀⢠⡞⡹⠁⠀⠀⠀
⠀⠀⠀⠀⢹⠸⠘⢢⢠⠤⠤⡤⡄⢰⢡⠁⡇⠀⠀⠀⠀
⠀⠀⠀⠀⢸⠀⠣⣹⢸⠒⠒⡗⡇⣩⠌⢀⡇⠀⠀⠀⠀
⠀⠀⠀⠀⠈⢧⡀⠀⠉⠉⠉⠉⠁⠀⣀⠜⠀⠀⠀⠀⠀
⠀⠀⠀⠀⠀⠀⠉⠓⠢⠤⠤⠤⠔⠊⠁⠀⠀⠀⠀

cleared user

⠀⠀⠀⠀⣀⠤⠔⠒⠒⠒⠒⠒⠒⠒⠦⢄⣀⠀⠀⠀⠀
⠀⢀⡴⠋⠀⠀⠀⠀⠀⠀⠀⠀⠀⠀⠀⠀⠈⠑⢄⠀⠀
⢀⠎⠀⠀⠀⠀⠀⠀⠀⠀⠀⠀⠀⠀⠀⠀⠀⠀⠈⢣⠀
⢸⠀⡄⠀⠀⠀⠀⠀⠀⠀⠀⠀⠀⠀⠀⠀⠀⠀⢢⠈⡇
⢸⠀⣇⠀⠀⠀⠀⠀⠀⠀⠀⠀⠀⠀⠀⠀⠀⠀⡼⠀⡇
⠘⡆⢸⠀⢀⣀⣤⣄⡀⠀⠀⠀⢀⣤⣤⣄⡀⠀⡇⡸⠀
⠀⠘⣾⠀⣿⣿⣿⣿⣿⠀⠀⠀⣿⣿⣿⣿⣿⠀⡗⠁⠀
⠀⠀⣿⠀⠙⢿⣿⠿⠃⢠⢠⡀⠙⠿⣿⠿⠃⠀⡇⠀⠀
⠀⠀⠘⣄⡀⠀⠀⠀⢠⣿⢸⣿⠀⠀⠀⠀⠀⣠⠇⠀⠀
⠀⠀⠀⠀⡏⢷⡄⠀⠘⠟⠈⠿⠁⠀⢠⡞⡹⠁⠀⠀⠀
⠀⠀⠀⠀⢹⠸⠘⢢⢠⠤⠤⡤⡄⢰⢡⠁⡇⠀⠀⠀⠀
⠀⠀⠀⠀⢸⠀⠣⣹⢸⠒⠒⡗⡇⣩⠌⢀⡇⠀⠀⠀⠀
⠀⠀⠀⠀⠈⢧⡀⠀⠉⠉⠉⠉⠁⠀⣀⠜⠀⠀⠀⠀⠀
⠀⠀⠀⠀⠀⠀⠉⠓⠢⠤⠤⠤⠔⠊⠁⠀⠀⠀⠀

[0;31m---------------------------------------------------------------------------[0m
[0;31mAttributeError[0m                            Traceback (most recent call last)
File [0;32m~/rithm/youtube_3/venv/lib/python3.11/site-packages/sqlalchemy/sql/elements.py:1494[0m, in [0;36mColumnElement.__getattr__[0;34m(self, key)[0m
[1;32m   1493[0m [38;5;28;01mtry[39;00m:
[0;32m-> 1494[0m     [38;5;28;01mreturn[39;00m [38;5;28mgetattr[39m([38;5;28mself[39m[38;5;241m.[39mcomparator, key)
[1;32m   1495[0m [38;5;28;01mexcept[39;00m [38;5;167;01mAttributeError[39;00m [38;5;28;01mas[39;00m err:

[0;31mAttributeError[0m: 'Comparator' object has no attribute 'order_by'

The above exception was the direct cause of the following exception:

[0;31mAttributeError[0m                            Traceback (most recent call last)
File [0;32m~/rithm/youtube_3/cron_wrapper.py:7[0m
[1;32m      5[0m [38;5;28;01mfrom[39;00m [38;5;21;01mdotenv[39;00m [38;5;28;01mimport[39;00m load_dotenv
[1;32m      6[0m [38;5;28;01mfrom[39;00m [38;5;21;01mblocked[39;00m [38;5;28;01mimport[39;00m clear_blocked_users
[0;32m----> 7[0m [38;5;28;01mfrom[39;00m [38;5;21;01mtop_users[39;00m [38;5;28;01mimport[39;00m check_blocked_total
[1;32m      9[0m [38;5;28;01mdef[39;00m [38;5;21mmain[39m():
[1;32m     10[0m     env_path [38;5;241m=[39m os[38;5;241m.[39mpath[38;5;241m.[39mjoin(os[38;5;241m.[39mpath[38;5;241m.[39mdirname([38;5;18m__file__[39m), [38;5;124m'[39m[38;5;124m.env[39m[38;5;124m'[39m)

File [0;32m~/rithm/youtube_3/top_users.py:6[0m
[1;32m      1[0m [38;5;124;03m"""Checks for top 3 most blocked users."""[39;00m
[1;32m      3[0m [38;5;28;01mfrom[39;00m [38;5;21;01mapp[39;00m [38;5;28;01mimport[39;00m check_blocked_total
[0;32m----> 6[0m [43mcheck_blocked_total[49m[43m([49m[43m)[49m

File [0;32m~/rithm/youtube_3/app.py:536[0m, in [0;36mcheck_blocked_total[0;34m()[0m
[1;32m    534[0m [38;5;250m[39m[38;5;124;03m"""Checks the blocked users total and stores top three users in a list."""[39;00m
[1;32m    535[0m top_blocked_users [38;5;241m=[39m User[38;5;241m.[39mquery[38;5;241m.[39mfilter
[0;32m--> 536[0m [43m([49m[43mUser[49m[38;5;241;43m.[39;49m[43mblocked_total[49m[43m [49m[38;5;241;43m>[39;49m[38;5;241;43m=[39;49m[43m [49m[38;5;241;43m1[39;49m[43m)[49m[38;5;241;43m.[39;49m[43morder_by[49m
[1;32m    537[0m (User[38;5;241m.[39mblocked_total[38;5;241m.[39mdesc())[38;5;241m.[39mlimit([38;5;241m3[39m)[38;5;241m.[39mall()
[1;32m    539[0m [38;5;28;01mreturn[39;00m render_template([38;5;124m'[39m[38;5;124mblocked.html[39m[38;5;124m'[39m, top_users[38;5;241m=[39mtop_blocked_users)

File [0;32m~/rithm/youtube_3/venv/lib/python3.11/site-packages/sqlalchemy/sql/elements.py:1496[0m, in [0;36mColumnElement.__getattr__[0;34m(self, key)[0m
[1;32m   1494[0m     [38;5;28;01mreturn[39;00m [38;5;28mgetattr[39m([38;5;28mself[39m[38;5;241m.[39mcomparator, key)
[1;32m   1495[0m [38;5;28;01mexcept[39;00m [38;5;167;01mAttributeError[39;00m [38;5;28;01mas[39;00m err:
[0;32m-> 1496[0m     [38;5;28;01mraise[39;00m [38;5;167;01mAttributeError[39;00m(
[1;32m   1497[0m         [38;5;124m"[39m[38;5;124mNeither [39m[38;5;132;01m%r[39;00m[38;5;124m object nor [39m[38;5;132;01m%r[39;00m[38;5;124m object has an attribute [39m[38;5;132;01m%r[39;00m[38;5;124m"[39m
[1;32m   1498[0m         [38;5;241m%[39m (
[1;32m   1499[0m             [38;5;28mtype[39m([38;5;28mself[39m)[38;5;241m.[39m[38;5;18m__name__[39m,
[1;32m   1500[0m             [38;5;28mtype[39m([38;5;28mself[39m[38;5;241m.[39mcomparator)[38;5;241m.[39m[38;5;18m__name__[39m,
[1;32m   1501[0m             key,
[1;32m   1502[0m         )
[1;32m   1503[0m     ) [38;5;28;01mfrom[39;00m [38;5;21;01merr[39;00m

[0;31mAttributeError[0m: Neither 'BinaryExpression' object nor 'Comparator' object has an attribute 'order_by'
cleared user

⠀⠀⠀⠀⣀⠤⠔⠒⠒⠒⠒⠒⠒⠒⠦⢄⣀⠀⠀⠀⠀
⠀⢀⡴⠋⠀⠀⠀⠀⠀⠀⠀⠀⠀⠀⠀⠀⠈⠑⢄⠀⠀
⢀⠎⠀⠀⠀⠀⠀⠀⠀⠀⠀⠀⠀⠀⠀⠀⠀⠀⠈⢣⠀
⢸⠀⡄⠀⠀⠀⠀⠀⠀⠀⠀⠀⠀⠀⠀⠀⠀⠀⢢⠈⡇
⢸⠀⣇⠀⠀⠀⠀⠀⠀⠀⠀⠀⠀⠀⠀⠀⠀⠀⡼⠀⡇
⠘⡆⢸⠀⢀⣀⣤⣄⡀⠀⠀⠀⢀⣤⣤⣄⡀⠀⡇⡸⠀
⠀⠘⣾⠀⣿⣿⣿⣿⣿⠀⠀⠀⣿⣿⣿⣿⣿⠀⡗⠁⠀
⠀⠀⣿⠀⠙⢿⣿⠿⠃⢠⢠⡀⠙⠿⣿⠿⠃⠀⡇⠀⠀
⠀⠀⠘⣄⡀⠀⠀⠀⢠⣿⢸⣿⠀⠀⠀⠀⠀⣠⠇⠀⠀
⠀⠀⠀⠀⡏⢷⡄⠀⠘⠟⠈⠿⠁⠀⢠⡞⡹⠁⠀⠀⠀
⠀⠀⠀⠀⢹⠸⠘⢢⢠⠤⠤⡤⡄⢰⢡⠁⡇⠀⠀⠀⠀
⠀⠀⠀⠀⢸⠀⠣⣹⢸⠒⠒⡗⡇⣩⠌⢀⡇⠀⠀⠀⠀
⠀⠀⠀⠀⠈⢧⡀⠀⠉⠉⠉⠉⠁⠀⣀⠜⠀⠀⠀⠀⠀
⠀⠀⠀⠀⠀⠀⠉⠓⠢⠤⠤⠤⠔⠊⠁⠀⠀⠀⠀

[0;31m---------------------------------------------------------------------------[0m
[0;31mTemplateSyntaxError[0m                       Traceback (most recent call last)
File [0;32m~/rithm/youtube_3/cron_wrapper.py:7[0m
[1;32m      5[0m [38;5;28;01mfrom[39;00m [38;5;21;01mdotenv[39;00m [38;5;28;01mimport[39;00m load_dotenv
[1;32m      6[0m [38;5;28;01mfrom[39;00m [38;5;21;01mblocked[39;00m [38;5;28;01mimport[39;00m clear_blocked_users
[0;32m----> 7[0m [38;5;28;01mfrom[39;00m [38;5;21;01mtop_users[39;00m [38;5;28;01mimport[39;00m check_blocked_total
[1;32m      9[0m [38;5;28;01mdef[39;00m [38;5;21mmain[39m():
[1;32m     10[0m     env_path [38;5;241m=[39m os[38;5;241m.[39mpath[38;5;241m.[39mjoin(os[38;5;241m.[39mpath[38;5;241m.[39mdirname([38;5;18m__file__[39m), [38;5;124m'[39m[38;5;124m.env[39m[38;5;124m'[39m)

File [0;32m~/rithm/youtube_3/top_users.py:6[0m
[1;32m      1[0m [38;5;124;03m"""Checks for top 3 most blocked users."""[39;00m
[1;32m      3[0m [38;5;28;01mfrom[39;00m [38;5;21;01mapp[39;00m [38;5;28;01mimport[39;00m check_blocked_total
[0;32m----> 6[0m [43mcheck_blocked_total[49m[43m([49m[43m)[49m

File [0;32m~/rithm/youtube_3/app.py:537[0m, in [0;36mcheck_blocked_total[0;34m()[0m
[1;32m    534[0m [38;5;250m[39m[38;5;124;03m"""Checks the blocked users total and stores top three users in a list."""[39;00m
[1;32m    535[0m top_blocked_users [38;5;241m=[39m User[38;5;241m.[39mquery[38;5;241m.[39mfilter(User[38;5;241m.[39mblocked_total [38;5;241m>[39m[38;5;241m=[39m [38;5;241m1[39m)[38;5;241m.[39morder_by(User[38;5;241m.[39mblocked_total[38;5;241m.[39mdesc())[38;5;241m.[39mlimit([38;5;241m3[39m)[38;5;241m.[39mall()
[0;32m--> 537[0m [38;5;28;01mreturn[39;00m [43mrender_template[49m[43m([49m[38;5;124;43m'[39;49m[38;5;124;43mblocked.html[39;49m[38;5;124;43m'[39;49m[43m,[49m[43m [49m[43mtop_users[49m[38;5;241;43m=[39;49m[43mtop_blocked_users[49m[43m)[49m

File [0;32m~/rithm/youtube_3/venv/lib/python3.11/site-packages/flask/templating.py:150[0m, in [0;36mrender_template[0;34m(template_name_or_list, **context)[0m
[1;32m    143[0m [38;5;250m[39m[38;5;124;03m"""Render a template by name with the given context.[39;00m
[1;32m    144[0m 
[1;32m    145[0m [38;5;124;03m:param template_name_or_list: The name of the template to render. If[39;00m
[1;32m    146[0m [38;5;124;03m    a list is given, the first name to exist will be rendered.[39;00m
[1;32m    147[0m [38;5;124;03m:param context: The variables to make available in the template.[39;00m
[1;32m    148[0m [38;5;124;03m"""[39;00m
[1;32m    149[0m app [38;5;241m=[39m current_app[38;5;241m.[39m_get_current_object()  [38;5;66;03m# type: ignore[attr-defined][39;00m
[0;32m--> 150[0m template [38;5;241m=[39m [43mapp[49m[38;5;241;43m.[39;49m[43mjinja_env[49m[38;5;241;43m.[39;49m[43mget_or_select_template[49m[43m([49m[43mtemplate_name_or_list[49m[43m)[49m
[1;32m    151[0m [38;5;28;01mreturn[39;00m _render(app, template, context)

File [0;32m~/rithm/youtube_3/venv/lib/python3.11/site-packages/jinja2/environment.py:1081[0m, in [0;36mEnvironment.get_or_select_template[0;34m(self, template_name_or_list, parent, globals)[0m
[1;32m   1075[0m [38;5;250m[39m[38;5;124;03m"""Use :meth:`select_template` if an iterable of template names[39;00m
[1;32m   1076[0m [38;5;124;03mis given, or :meth:`get_template` if one name is given.[39;00m
[1;32m   1077[0m 
[1;32m   1078[0m [38;5;124;03m.. versionadded:: 2.3[39;00m
[1;32m   1079[0m [38;5;124;03m"""[39;00m
[1;32m   1080[0m [38;5;28;01mif[39;00m [38;5;28misinstance[39m(template_name_or_list, ([38;5;28mstr[39m, Undefined)):
[0;32m-> 1081[0m     [38;5;28;01mreturn[39;00m [38;5;28;43mself[39;49m[38;5;241;43m.[39;49m[43mget_template[49m[43m([49m[43mtemplate_name_or_list[49m[43m,[49m[43m [49m[43mparent[49m[43m,[49m[43m [49m[38;5;28;43mglobals[39;49m[43m)[49m
[1;32m   1082[0m [38;5;28;01melif[39;00m [38;5;28misinstance[39m(template_name_or_list, Template):
[1;32m   1083[0m     [38;5;28;01mreturn[39;00m template_name_or_list

File [0;32m~/rithm/youtube_3/venv/lib/python3.11/site-packages/jinja2/environment.py:1010[0m, in [0;36mEnvironment.get_template[0;34m(self, name, parent, globals)[0m
[1;32m   1007[0m [38;5;28;01mif[39;00m parent [38;5;129;01mis[39;00m [38;5;129;01mnot[39;00m [38;5;28;01mNone[39;00m:
[1;32m   1008[0m     name [38;5;241m=[39m [38;5;28mself[39m[38;5;241m.[39mjoin_path(name, parent)
[0;32m-> 1010[0m [38;5;28;01mreturn[39;00m [38;5;28;43mself[39;49m[38;5;241;43m.[39;49m[43m_load_template[49m[43m([49m[43mname[49m[43m,[49m[43m [49m[38;5;28;43mglobals[39;49m[43m)[49m

File [0;32m~/rithm/youtube_3/venv/lib/python3.11/site-packages/jinja2/environment.py:969[0m, in [0;36mEnvironment._load_template[0;34m(self, name, globals)[0m
[1;32m    965[0m             template[38;5;241m.[39mglobals[38;5;241m.[39mupdate([38;5;28mglobals[39m)
[1;32m    967[0m         [38;5;28;01mreturn[39;00m template
[0;32m--> 969[0m template [38;5;241m=[39m [38;5;28;43mself[39;49m[38;5;241;43m.[39;49m[43mloader[49m[38;5;241;43m.[39;49m[43mload[49m[43m([49m[38;5;28;43mself[39;49m[43m,[49m[43m [49m[43mname[49m[43m,[49m[43m [49m[38;5;28;43mself[39;49m[38;5;241;43m.[39;49m[43mmake_globals[49m[43m([49m[38;5;28;43mglobals[39;49m[43m)[49m[43m)[49m
[1;32m    971[0m [38;5;28;01mif[39;00m [38;5;28mself[39m[38;5;241m.[39mcache [38;5;129;01mis[39;00m [38;5;129;01mnot[39;00m [38;5;28;01mNone[39;00m:
[1;32m    972[0m     [38;5;28mself[39m[38;5;241m.[39mcache[cache_key] [38;5;241m=[39m template

File [0;32m~/rithm/youtube_3/venv/lib/python3.11/site-packages/jinja2/loaders.py:137[0m, in [0;36mBaseLoader.load[0;34m(self, environment, name, globals)[0m
[1;32m    134[0m [38;5;66;03m# if we don't have code so far (not cached, no longer up to[39;00m
[1;32m    135[0m [38;5;66;03m# date) etc. we compile the template[39;00m
[1;32m    136[0m [38;5;28;01mif[39;00m code [38;5;129;01mis[39;00m [38;5;28;01mNone[39;00m:
[0;32m--> 137[0m     code [38;5;241m=[39m [43menvironment[49m[38;5;241;43m.[39;49m[43mcompile[49m[43m([49m[43msource[49m[43m,[49m[43m [49m[43mname[49m[43m,[49m[43m [49m[43mfilename[49m[43m)[49m
[1;32m    139[0m [38;5;66;03m# if the bytecode cache is available and the bucket doesn't[39;00m
[1;32m    140[0m [38;5;66;03m# have a code so far, we give the bucket the new code and put[39;00m
[1;32m    141[0m [38;5;66;03m# it back to the bytecode cache.[39;00m
[1;32m    142[0m [38;5;28;01mif[39;00m bcc [38;5;129;01mis[39;00m [38;5;129;01mnot[39;00m [38;5;28;01mNone[39;00m [38;5;129;01mand[39;00m bucket[38;5;241m.[39mcode [38;5;129;01mis[39;00m [38;5;28;01mNone[39;00m:

File [0;32m~/rithm/youtube_3/venv/lib/python3.11/site-packages/jinja2/environment.py:768[0m, in [0;36mEnvironment.compile[0;34m(self, source, name, filename, raw, defer_init)[0m
[1;32m    766[0m     [38;5;28;01mreturn[39;00m [38;5;28mself[39m[38;5;241m.[39m_compile(source, filename)
[1;32m    767[0m [38;5;28;01mexcept[39;00m TemplateSyntaxError:
[0;32m--> 768[0m     [38;5;28;43mself[39;49m[38;5;241;43m.[39;49m[43mhandle_exception[49m[43m([49m[43msource[49m[38;5;241;43m=[39;49m[43msource_hint[49m[43m)[49m

File [0;32m~/rithm/youtube_3/venv/lib/python3.11/site-packages/jinja2/environment.py:936[0m, in [0;36mEnvironment.handle_exception[0;34m(self, source)[0m
[1;32m    931[0m [38;5;250m[39m[38;5;124;03m"""Exception handling helper.  This is used internally to either raise[39;00m
[1;32m    932[0m [38;5;124;03mrewritten exceptions or return a rendered traceback for the template.[39;00m
[1;32m    933[0m [38;5;124;03m"""[39;00m
[1;32m    934[0m [38;5;28;01mfrom[39;00m [38;5;21;01m.[39;00m[38;5;21;01mdebug[39;00m [38;5;28;01mimport[39;00m rewrite_traceback_stack
[0;32m--> 936[0m [38;5;28;01mraise[39;00m rewrite_traceback_stack(source[38;5;241m=[39msource)

File [0;32m~/rithm/youtube_3/templates/blocked.html:17[0m, in [0;36mtemplate[0;34m()[0m
[1;32m     15[0m 
[1;32m     16[0m 
[0;32m---> 17[0m {% endblock %}

[0;31mTemplateSyntaxError[0m: Encountered unknown tag 'endblock'. You probably made a nesting mistake. Jinja is expecting this tag, but currently looking for 'endfor' or 'else'. The innermost block that needs to be closed is 'for'.
cleared user

⠀⠀⠀⠀⣀⠤⠔⠒⠒⠒⠒⠒⠒⠒⠦⢄⣀⠀⠀⠀⠀
⠀⢀⡴⠋⠀⠀⠀⠀⠀⠀⠀⠀⠀⠀⠀⠀⠈⠑⢄⠀⠀
⢀⠎⠀⠀⠀⠀⠀⠀⠀⠀⠀⠀⠀⠀⠀⠀⠀⠀⠈⢣⠀
⢸⠀⡄⠀⠀⠀⠀⠀⠀⠀⠀⠀⠀⠀⠀⠀⠀⠀⢢⠈⡇
⢸⠀⣇⠀⠀⠀⠀⠀⠀⠀⠀⠀⠀⠀⠀⠀⠀⠀⡼⠀⡇
⠘⡆⢸⠀⢀⣀⣤⣄⡀⠀⠀⠀⢀⣤⣤⣄⡀⠀⡇⡸⠀
⠀⠘⣾⠀⣿⣿⣿⣿⣿⠀⠀⠀⣿⣿⣿⣿⣿⠀⡗⠁⠀
⠀⠀⣿⠀⠙⢿⣿⠿⠃⢠⢠⡀⠙⠿⣿⠿⠃⠀⡇⠀⠀
⠀⠀⠘⣄⡀⠀⠀⠀⢠⣿⢸⣿⠀⠀⠀⠀⠀⣠⠇⠀⠀
⠀⠀⠀⠀⡏⢷⡄⠀⠘⠟⠈⠿⠁⠀⢠⡞⡹⠁⠀⠀⠀
⠀⠀⠀⠀⢹⠸⠘⢢⢠⠤⠤⡤⡄⢰⢡⠁⡇⠀⠀⠀⠀
⠀⠀⠀⠀⢸⠀⠣⣹⢸⠒⠒⡗⡇⣩⠌⢀⡇⠀⠀⠀⠀
⠀⠀⠀⠀⠈⢧⡀⠀⠉⠉⠉⠉⠁⠀⣀⠜⠀⠀⠀⠀⠀
⠀⠀⠀⠀⠀⠀⠉⠓⠢⠤⠤⠤⠔⠊⠁⠀⠀⠀⠀

[0;31m---------------------------------------------------------------------------[0m
[0;31mTemplateSyntaxError[0m                       Traceback (most recent call last)
File [0;32m~/rithm/youtube_3/cron_wrapper.py:7[0m
[1;32m      5[0m [38;5;28;01mfrom[39;00m [38;5;21;01mdotenv[39;00m [38;5;28;01mimport[39;00m load_dotenv
[1;32m      6[0m [38;5;28;01mfrom[39;00m [38;5;21;01mblocked[39;00m [38;5;28;01mimport[39;00m clear_blocked_users
[0;32m----> 7[0m [38;5;28;01mfrom[39;00m [38;5;21;01mtop_users[39;00m [38;5;28;01mimport[39;00m check_blocked_total
[1;32m      9[0m [38;5;28;01mdef[39;00m [38;5;21mmain[39m():
[1;32m     10[0m     env_path [38;5;241m=[39m os[38;5;241m.[39mpath[38;5;241m.[39mjoin(os[38;5;241m.[39mpath[38;5;241m.[39mdirname([38;5;18m__file__[39m), [38;5;124m'[39m[38;5;124m.env[39m[38;5;124m'[39m)

File [0;32m~/rithm/youtube_3/top_users.py:6[0m
[1;32m      1[0m [38;5;124;03m"""Checks for top 3 most blocked users."""[39;00m
[1;32m      3[0m [38;5;28;01mfrom[39;00m [38;5;21;01mapp[39;00m [38;5;28;01mimport[39;00m check_blocked_total
[0;32m----> 6[0m [43mcheck_blocked_total[49m[43m([49m[43m)[49m

File [0;32m~/rithm/youtube_3/app.py:537[0m, in [0;36mcheck_blocked_total[0;34m()[0m
[1;32m    534[0m [38;5;250m[39m[38;5;124;03m"""Checks the blocked users total and stores top three users in a list."""[39;00m
[1;32m    535[0m top_blocked_users [38;5;241m=[39m User[38;5;241m.[39mquery[38;5;241m.[39mfilter(User[38;5;241m.[39mblocked_total [38;5;241m>[39m[38;5;241m=[39m [38;5;241m1[39m)[38;5;241m.[39morder_by(User[38;5;241m.[39mblocked_total[38;5;241m.[39mdesc())[38;5;241m.[39mlimit([38;5;241m3[39m)[38;5;241m.[39mall()
[0;32m--> 537[0m [38;5;28;01mreturn[39;00m [43mrender_template[49m[43m([49m[38;5;124;43m'[39;49m[38;5;124;43mblocked.html[39;49m[38;5;124;43m'[39;49m[43m,[49m[43m [49m[43mtop_users[49m[38;5;241;43m=[39;49m[43mtop_blocked_users[49m[43m)[49m

File [0;32m~/rithm/youtube_3/venv/lib/python3.11/site-packages/flask/templating.py:150[0m, in [0;36mrender_template[0;34m(template_name_or_list, **context)[0m
[1;32m    143[0m [38;5;250m[39m[38;5;124;03m"""Render a template by name with the given context.[39;00m
[1;32m    144[0m 
[1;32m    145[0m [38;5;124;03m:param template_name_or_list: The name of the template to render. If[39;00m
[1;32m    146[0m [38;5;124;03m    a list is given, the first name to exist will be rendered.[39;00m
[1;32m    147[0m [38;5;124;03m:param context: The variables to make available in the template.[39;00m
[1;32m    148[0m [38;5;124;03m"""[39;00m
[1;32m    149[0m app [38;5;241m=[39m current_app[38;5;241m.[39m_get_current_object()  [38;5;66;03m# type: ignore[attr-defined][39;00m
[0;32m--> 150[0m template [38;5;241m=[39m [43mapp[49m[38;5;241;43m.[39;49m[43mjinja_env[49m[38;5;241;43m.[39;49m[43mget_or_select_template[49m[43m([49m[43mtemplate_name_or_list[49m[43m)[49m
[1;32m    151[0m [38;5;28;01mreturn[39;00m _render(app, template, context)

File [0;32m~/rithm/youtube_3/venv/lib/python3.11/site-packages/jinja2/environment.py:1081[0m, in [0;36mEnvironment.get_or_select_template[0;34m(self, template_name_or_list, parent, globals)[0m
[1;32m   1075[0m [38;5;250m[39m[38;5;124;03m"""Use :meth:`select_template` if an iterable of template names[39;00m
[1;32m   1076[0m [38;5;124;03mis given, or :meth:`get_template` if one name is given.[39;00m
[1;32m   1077[0m 
[1;32m   1078[0m [38;5;124;03m.. versionadded:: 2.3[39;00m
[1;32m   1079[0m [38;5;124;03m"""[39;00m
[1;32m   1080[0m [38;5;28;01mif[39;00m [38;5;28misinstance[39m(template_name_or_list, ([38;5;28mstr[39m, Undefined)):
[0;32m-> 1081[0m     [38;5;28;01mreturn[39;00m [38;5;28;43mself[39;49m[38;5;241;43m.[39;49m[43mget_template[49m[43m([49m[43mtemplate_name_or_list[49m[43m,[49m[43m [49m[43mparent[49m[43m,[49m[43m [49m[38;5;28;43mglobals[39;49m[43m)[49m
[1;32m   1082[0m [38;5;28;01melif[39;00m [38;5;28misinstance[39m(template_name_or_list, Template):
[1;32m   1083[0m     [38;5;28;01mreturn[39;00m template_name_or_list

File [0;32m~/rithm/youtube_3/venv/lib/python3.11/site-packages/jinja2/environment.py:1010[0m, in [0;36mEnvironment.get_template[0;34m(self, name, parent, globals)[0m
[1;32m   1007[0m [38;5;28;01mif[39;00m parent [38;5;129;01mis[39;00m [38;5;129;01mnot[39;00m [38;5;28;01mNone[39;00m:
[1;32m   1008[0m     name [38;5;241m=[39m [38;5;28mself[39m[38;5;241m.[39mjoin_path(name, parent)
[0;32m-> 1010[0m [38;5;28;01mreturn[39;00m [38;5;28;43mself[39;49m[38;5;241;43m.[39;49m[43m_load_template[49m[43m([49m[43mname[49m[43m,[49m[43m [49m[38;5;28;43mglobals[39;49m[43m)[49m

File [0;32m~/rithm/youtube_3/venv/lib/python3.11/site-packages/jinja2/environment.py:969[0m, in [0;36mEnvironment._load_template[0;34m(self, name, globals)[0m
[1;32m    965[0m             template[38;5;241m.[39mglobals[38;5;241m.[39mupdate([38;5;28mglobals[39m)
[1;32m    967[0m         [38;5;28;01mreturn[39;00m template
[0;32m--> 969[0m template [38;5;241m=[39m [38;5;28;43mself[39;49m[38;5;241;43m.[39;49m[43mloader[49m[38;5;241;43m.[39;49m[43mload[49m[43m([49m[38;5;28;43mself[39;49m[43m,[49m[43m [49m[43mname[49m[43m,[49m[43m [49m[38;5;28;43mself[39;49m[38;5;241;43m.[39;49m[43mmake_globals[49m[43m([49m[38;5;28;43mglobals[39;49m[43m)[49m[43m)[49m
[1;32m    971[0m [38;5;28;01mif[39;00m [38;5;28mself[39m[38;5;241m.[39mcache [38;5;129;01mis[39;00m [38;5;129;01mnot[39;00m [38;5;28;01mNone[39;00m:
[1;32m    972[0m     [38;5;28mself[39m[38;5;241m.[39mcache[cache_key] [38;5;241m=[39m template

File [0;32m~/rithm/youtube_3/venv/lib/python3.11/site-packages/jinja2/loaders.py:137[0m, in [0;36mBaseLoader.load[0;34m(self, environment, name, globals)[0m
[1;32m    134[0m [38;5;66;03m# if we don't have code so far (not cached, no longer up to[39;00m
[1;32m    135[0m [38;5;66;03m# date) etc. we compile the template[39;00m
[1;32m    136[0m [38;5;28;01mif[39;00m code [38;5;129;01mis[39;00m [38;5;28;01mNone[39;00m:
[0;32m--> 137[0m     code [38;5;241m=[39m [43menvironment[49m[38;5;241;43m.[39;49m[43mcompile[49m[43m([49m[43msource[49m[43m,[49m[43m [49m[43mname[49m[43m,[49m[43m [49m[43mfilename[49m[43m)[49m
[1;32m    139[0m [38;5;66;03m# if the bytecode cache is available and the bucket doesn't[39;00m
[1;32m    140[0m [38;5;66;03m# have a code so far, we give the bucket the new code and put[39;00m
[1;32m    141[0m [38;5;66;03m# it back to the bytecode cache.[39;00m
[1;32m    142[0m [38;5;28;01mif[39;00m bcc [38;5;129;01mis[39;00m [38;5;129;01mnot[39;00m [38;5;28;01mNone[39;00m [38;5;129;01mand[39;00m bucket[38;5;241m.[39mcode [38;5;129;01mis[39;00m [38;5;28;01mNone[39;00m:

File [0;32m~/rithm/youtube_3/venv/lib/python3.11/site-packages/jinja2/environment.py:768[0m, in [0;36mEnvironment.compile[0;34m(self, source, name, filename, raw, defer_init)[0m
[1;32m    766[0m     [38;5;28;01mreturn[39;00m [38;5;28mself[39m[38;5;241m.[39m_compile(source, filename)
[1;32m    767[0m [38;5;28;01mexcept[39;00m TemplateSyntaxError:
[0;32m--> 768[0m     [38;5;28;43mself[39;49m[38;5;241;43m.[39;49m[43mhandle_exception[49m[43m([49m[43msource[49m[38;5;241;43m=[39;49m[43msource_hint[49m[43m)[49m

File [0;32m~/rithm/youtube_3/venv/lib/python3.11/site-packages/jinja2/environment.py:936[0m, in [0;36mEnvironment.handle_exception[0;34m(self, source)[0m
[1;32m    931[0m [38;5;250m[39m[38;5;124;03m"""Exception handling helper.  This is used internally to either raise[39;00m
[1;32m    932[0m [38;5;124;03mrewritten exceptions or return a rendered traceback for the template.[39;00m
[1;32m    933[0m [38;5;124;03m"""[39;00m
[1;32m    934[0m [38;5;28;01mfrom[39;00m [38;5;21;01m.[39;00m[38;5;21;01mdebug[39;00m [38;5;28;01mimport[39;00m rewrite_traceback_stack
[0;32m--> 936[0m [38;5;28;01mraise[39;00m rewrite_traceback_stack(source[38;5;241m=[39msource)

File [0;32m~/rithm/youtube_3/templates/blocked.html:13[0m, in [0;36mtemplate[0;34m()[0m
[1;32m     11[0m 
[1;32m     12[0m 
[0;32m---> 13[0m {% endblock %}

[0;31mTemplateSyntaxError[0m: Encountered unknown tag 'endblock'. You probably made a nesting mistake. Jinja is expecting this tag, but currently looking for 'endfor' or 'else'. The innermost block that needs to be closed is 'for'.
cleared user

⠀⠀⠀⠀⣀⠤⠔⠒⠒⠒⠒⠒⠒⠒⠦⢄⣀⠀⠀⠀⠀
⠀⢀⡴⠋⠀⠀⠀⠀⠀⠀⠀⠀⠀⠀⠀⠀⠈⠑⢄⠀⠀
⢀⠎⠀⠀⠀⠀⠀⠀⠀⠀⠀⠀⠀⠀⠀⠀⠀⠀⠈⢣⠀
⢸⠀⡄⠀⠀⠀⠀⠀⠀⠀⠀⠀⠀⠀⠀⠀⠀⠀⢢⠈⡇
⢸⠀⣇⠀⠀⠀⠀⠀⠀⠀⠀⠀⠀⠀⠀⠀⠀⠀⡼⠀⡇
⠘⡆⢸⠀⢀⣀⣤⣄⡀⠀⠀⠀⢀⣤⣤⣄⡀⠀⡇⡸⠀
⠀⠘⣾⠀⣿⣿⣿⣿⣿⠀⠀⠀⣿⣿⣿⣿⣿⠀⡗⠁⠀
⠀⠀⣿⠀⠙⢿⣿⠿⠃⢠⢠⡀⠙⠿⣿⠿⠃⠀⡇⠀⠀
⠀⠀⠘⣄⡀⠀⠀⠀⢠⣿⢸⣿⠀⠀⠀⠀⠀⣠⠇⠀⠀
⠀⠀⠀⠀⡏⢷⡄⠀⠘⠟⠈⠿⠁⠀⢠⡞⡹⠁⠀⠀⠀
⠀⠀⠀⠀⢹⠸⠘⢢⢠⠤⠤⡤⡄⢰⢡⠁⡇⠀⠀⠀⠀
⠀⠀⠀⠀⢸⠀⠣⣹⢸⠒⠒⡗⡇⣩⠌⢀⡇⠀⠀⠀⠀
⠀⠀⠀⠀⠈⢧⡀⠀⠉⠉⠉⠉⠁⠀⣀⠜⠀⠀⠀⠀⠀
⠀⠀⠀⠀⠀⠀⠉⠓⠢⠤⠤⠤⠔⠊⠁⠀⠀⠀⠀

cleared user

⠀⠀⠀⠀⣀⠤⠔⠒⠒⠒⠒⠒⠒⠒⠦⢄⣀⠀⠀⠀⠀
⠀⢀⡴⠋⠀⠀⠀⠀⠀⠀⠀⠀⠀⠀⠀⠀⠈⠑⢄⠀⠀
⢀⠎⠀⠀⠀⠀⠀⠀⠀⠀⠀⠀⠀⠀⠀⠀⠀⠀⠈⢣⠀
⢸⠀⡄⠀⠀⠀⠀⠀⠀⠀⠀⠀⠀⠀⠀⠀⠀⠀⢢⠈⡇
⢸⠀⣇⠀⠀⠀⠀⠀⠀⠀⠀⠀⠀⠀⠀⠀⠀⠀⡼⠀⡇
⠘⡆⢸⠀⢀⣀⣤⣄⡀⠀⠀⠀⢀⣤⣤⣄⡀⠀⡇⡸⠀
⠀⠘⣾⠀⣿⣿⣿⣿⣿⠀⠀⠀⣿⣿⣿⣿⣿⠀⡗⠁⠀
⠀⠀⣿⠀⠙⢿⣿⠿⠃⢠⢠⡀⠙⠿⣿⠿⠃⠀⡇⠀⠀
⠀⠀⠘⣄⡀⠀⠀⠀⢠⣿⢸⣿⠀⠀⠀⠀⠀⣠⠇⠀⠀
⠀⠀⠀⠀⡏⢷⡄⠀⠘⠟⠈⠿⠁⠀⢠⡞⡹⠁⠀⠀⠀
⠀⠀⠀⠀⢹⠸⠘⢢⢠⠤⠤⡤⡄⢰⢡⠁⡇⠀⠀⠀⠀
⠀⠀⠀⠀⢸⠀⠣⣹⢸⠒⠒⡗⡇⣩⠌⢀⡇⠀⠀⠀⠀
⠀⠀⠀⠀⠈⢧⡀⠀⠉⠉⠉⠉⠁⠀⣀⠜⠀⠀⠀⠀⠀
⠀⠀⠀⠀⠀⠀⠉⠓⠢⠤⠤⠤⠔⠊⠁⠀⠀⠀⠀

cleared user

⠀⠀⠀⠀⣀⠤⠔⠒⠒⠒⠒⠒⠒⠒⠦⢄⣀⠀⠀⠀⠀
⠀⢀⡴⠋⠀⠀⠀⠀⠀⠀⠀⠀⠀⠀⠀⠀⠈⠑⢄⠀⠀
⢀⠎⠀⠀⠀⠀⠀⠀⠀⠀⠀⠀⠀⠀⠀⠀⠀⠀⠈⢣⠀
⢸⠀⡄⠀⠀⠀⠀⠀⠀⠀⠀⠀⠀⠀⠀⠀⠀⠀⢢⠈⡇
⢸⠀⣇⠀⠀⠀⠀⠀⠀⠀⠀⠀⠀⠀⠀⠀⠀⠀⡼⠀⡇
⠘⡆⢸⠀⢀⣀⣤⣄⡀⠀⠀⠀⢀⣤⣤⣄⡀⠀⡇⡸⠀
⠀⠘⣾⠀⣿⣿⣿⣿⣿⠀⠀⠀⣿⣿⣿⣿⣿⠀⡗⠁⠀
⠀⠀⣿⠀⠙⢿⣿⠿⠃⢠⢠⡀⠙⠿⣿⠿⠃⠀⡇⠀⠀
⠀⠀⠘⣄⡀⠀⠀⠀⢠⣿⢸⣿⠀⠀⠀⠀⠀⣠⠇⠀⠀
⠀⠀⠀⠀⡏⢷⡄⠀⠘⠟⠈⠿⠁⠀⢠⡞⡹⠁⠀⠀⠀
⠀⠀⠀⠀⢹⠸⠘⢢⢠⠤⠤⡤⡄⢰⢡⠁⡇⠀⠀⠀⠀
⠀⠀⠀⠀⢸⠀⠣⣹⢸⠒⠒⡗⡇⣩⠌⢀⡇⠀⠀⠀⠀
⠀⠀⠀⠀⠈⢧⡀⠀⠉⠉⠉⠉⠁⠀⣀⠜⠀⠀⠀⠀⠀
⠀⠀⠀⠀⠀⠀⠉⠓⠢⠤⠤⠤⠔⠊⠁⠀⠀⠀⠀

cleared user

⠀⠀⠀⠀⣀⠤⠔⠒⠒⠒⠒⠒⠒⠒⠦⢄⣀⠀⠀⠀⠀
⠀⢀⡴⠋⠀⠀⠀⠀⠀⠀⠀⠀⠀⠀⠀⠀⠈⠑⢄⠀⠀
⢀⠎⠀⠀⠀⠀⠀⠀⠀⠀⠀⠀⠀⠀⠀⠀⠀⠀⠈⢣⠀
⢸⠀⡄⠀⠀⠀⠀⠀⠀⠀⠀⠀⠀⠀⠀⠀⠀⠀⢢⠈⡇
⢸⠀⣇⠀⠀⠀⠀⠀⠀⠀⠀⠀⠀⠀⠀⠀⠀⠀⡼⠀⡇
⠘⡆⢸⠀⢀⣀⣤⣄⡀⠀⠀⠀⢀⣤⣤⣄⡀⠀⡇⡸⠀
⠀⠘⣾⠀⣿⣿⣿⣿⣿⠀⠀⠀⣿⣿⣿⣿⣿⠀⡗⠁⠀
⠀⠀⣿⠀⠙⢿⣿⠿⠃⢠⢠⡀⠙⠿⣿⠿⠃⠀⡇⠀⠀
⠀⠀⠘⣄⡀⠀⠀⠀⢠⣿⢸⣿⠀⠀⠀⠀⠀⣠⠇⠀⠀
⠀⠀⠀⠀⡏⢷⡄⠀⠘⠟⠈⠿⠁⠀⢠⡞⡹⠁⠀⠀⠀
⠀⠀⠀⠀⢹⠸⠘⢢⢠⠤⠤⡤⡄⢰⢡⠁⡇⠀⠀⠀⠀
⠀⠀⠀⠀⢸⠀⠣⣹⢸⠒⠒⡗⡇⣩⠌⢀⡇⠀⠀⠀⠀
⠀⠀⠀⠀⠈⢧⡀⠀⠉⠉⠉⠉⠁⠀⣀⠜⠀⠀⠀⠀⠀
⠀⠀⠀⠀⠀⠀⠉⠓⠢⠤⠤⠤⠔⠊⠁⠀⠀⠀⠀

cleared user

⠀⠀⠀⠀⣀⠤⠔⠒⠒⠒⠒⠒⠒⠒⠦⢄⣀⠀⠀⠀⠀
⠀⢀⡴⠋⠀⠀⠀⠀⠀⠀⠀⠀⠀⠀⠀⠀⠈⠑⢄⠀⠀
⢀⠎⠀⠀⠀⠀⠀⠀⠀⠀⠀⠀⠀⠀⠀⠀⠀⠀⠈⢣⠀
⢸⠀⡄⠀⠀⠀⠀⠀⠀⠀⠀⠀⠀⠀⠀⠀⠀⠀⢢⠈⡇
⢸⠀⣇⠀⠀⠀⠀⠀⠀⠀⠀⠀⠀⠀⠀⠀⠀⠀⡼⠀⡇
⠘⡆⢸⠀⢀⣀⣤⣄⡀⠀⠀⠀⢀⣤⣤⣄⡀⠀⡇⡸⠀
⠀⠘⣾⠀⣿⣿⣿⣿⣿⠀⠀⠀⣿⣿⣿⣿⣿⠀⡗⠁⠀
⠀⠀⣿⠀⠙⢿⣿⠿⠃⢠⢠⡀⠙⠿⣿⠿⠃⠀⡇⠀⠀
⠀⠀⠘⣄⡀⠀⠀⠀⢠⣿⢸⣿⠀⠀⠀⠀⠀⣠⠇⠀⠀
⠀⠀⠀⠀⡏⢷⡄⠀⠘⠟⠈⠿⠁⠀⢠⡞⡹⠁⠀⠀⠀
⠀⠀⠀⠀⢹⠸⠘⢢⢠⠤⠤⡤⡄⢰⢡⠁⡇⠀⠀⠀⠀
⠀⠀⠀⠀⢸⠀⠣⣹⢸⠒⠒⡗⡇⣩⠌⢀⡇⠀⠀⠀⠀
⠀⠀⠀⠀⠈⢧⡀⠀⠉⠉⠉⠉⠁⠀⣀⠜⠀⠀⠀⠀⠀
⠀⠀⠀⠀⠀⠀⠉⠓⠢⠤⠤⠤⠔⠊⠁⠀⠀⠀⠀

cleared user

⠀⠀⠀⠀⣀⠤⠔⠒⠒⠒⠒⠒⠒⠒⠦⢄⣀⠀⠀⠀⠀
⠀⢀⡴⠋⠀⠀⠀⠀⠀⠀⠀⠀⠀⠀⠀⠀⠈⠑⢄⠀⠀
⢀⠎⠀⠀⠀⠀⠀⠀⠀⠀⠀⠀⠀⠀⠀⠀⠀⠀⠈⢣⠀
⢸⠀⡄⠀⠀⠀⠀⠀⠀⠀⠀⠀⠀⠀⠀⠀⠀⠀⢢⠈⡇
⢸⠀⣇⠀⠀⠀⠀⠀⠀⠀⠀⠀⠀⠀⠀⠀⠀⠀⡼⠀⡇
⠘⡆⢸⠀⢀⣀⣤⣄⡀⠀⠀⠀⢀⣤⣤⣄⡀⠀⡇⡸⠀
⠀⠘⣾⠀⣿⣿⣿⣿⣿⠀⠀⠀⣿⣿⣿⣿⣿⠀⡗⠁⠀
⠀⠀⣿⠀⠙⢿⣿⠿⠃⢠⢠⡀⠙⠿⣿⠿⠃⠀⡇⠀⠀
⠀⠀⠘⣄⡀⠀⠀⠀⢠⣿⢸⣿⠀⠀⠀⠀⠀⣠⠇⠀⠀
⠀⠀⠀⠀⡏⢷⡄⠀⠘⠟⠈⠿⠁⠀⢠⡞⡹⠁⠀⠀⠀
⠀⠀⠀⠀⢹⠸⠘⢢⢠⠤⠤⡤⡄⢰⢡⠁⡇⠀⠀⠀⠀
⠀⠀⠀⠀⢸⠀⠣⣹⢸⠒⠒⡗⡇⣩⠌⢀⡇⠀⠀⠀⠀
⠀⠀⠀⠀⠈⢧⡀⠀⠉⠉⠉⠉⠁⠀⣀⠜⠀⠀⠀⠀⠀
⠀⠀⠀⠀⠀⠀⠉⠓⠢⠤⠤⠤⠔⠊⠁⠀⠀⠀⠀

cleared user

⠀⠀⠀⠀⣀⠤⠔⠒⠒⠒⠒⠒⠒⠒⠦⢄⣀⠀⠀⠀⠀
⠀⢀⡴⠋⠀⠀⠀⠀⠀⠀⠀⠀⠀⠀⠀⠀⠈⠑⢄⠀⠀
⢀⠎⠀⠀⠀⠀⠀⠀⠀⠀⠀⠀⠀⠀⠀⠀⠀⠀⠈⢣⠀
⢸⠀⡄⠀⠀⠀⠀⠀⠀⠀⠀⠀⠀⠀⠀⠀⠀⠀⢢⠈⡇
⢸⠀⣇⠀⠀⠀⠀⠀⠀⠀⠀⠀⠀⠀⠀⠀⠀⠀⡼⠀⡇
⠘⡆⢸⠀⢀⣀⣤⣄⡀⠀⠀⠀⢀⣤⣤⣄⡀⠀⡇⡸⠀
⠀⠘⣾⠀⣿⣿⣿⣿⣿⠀⠀⠀⣿⣿⣿⣿⣿⠀⡗⠁⠀
⠀⠀⣿⠀⠙⢿⣿⠿⠃⢠⢠⡀⠙⠿⣿⠿⠃⠀⡇⠀⠀
⠀⠀⠘⣄⡀⠀⠀⠀⢠⣿⢸⣿⠀⠀⠀⠀⠀⣠⠇⠀⠀
⠀⠀⠀⠀⡏⢷⡄⠀⠘⠟⠈⠿⠁⠀⢠⡞⡹⠁⠀⠀⠀
⠀⠀⠀⠀⢹⠸⠘⢢⢠⠤⠤⡤⡄⢰⢡⠁⡇⠀⠀⠀⠀
⠀⠀⠀⠀⢸⠀⠣⣹⢸⠒⠒⡗⡇⣩⠌⢀⡇⠀⠀⠀⠀
⠀⠀⠀⠀⠈⢧⡀⠀⠉⠉⠉⠉⠁⠀⣀⠜⠀⠀⠀⠀⠀
⠀⠀⠀⠀⠀⠀⠉⠓⠢⠤⠤⠤⠔⠊⠁⠀⠀⠀⠀

cleared user

⠀⠀⠀⠀⣀⠤⠔⠒⠒⠒⠒⠒⠒⠒⠦⢄⣀⠀⠀⠀⠀
⠀⢀⡴⠋⠀⠀⠀⠀⠀⠀⠀⠀⠀⠀⠀⠀⠈⠑⢄⠀⠀
⢀⠎⠀⠀⠀⠀⠀⠀⠀⠀⠀⠀⠀⠀⠀⠀⠀⠀⠈⢣⠀
⢸⠀⡄⠀⠀⠀⠀⠀⠀⠀⠀⠀⠀⠀⠀⠀⠀⠀⢢⠈⡇
⢸⠀⣇⠀⠀⠀⠀⠀⠀⠀⠀⠀⠀⠀⠀⠀⠀⠀⡼⠀⡇
⠘⡆⢸⠀⢀⣀⣤⣄⡀⠀⠀⠀⢀⣤⣤⣄⡀⠀⡇⡸⠀
⠀⠘⣾⠀⣿⣿⣿⣿⣿⠀⠀⠀⣿⣿⣿⣿⣿⠀⡗⠁⠀
⠀⠀⣿⠀⠙⢿⣿⠿⠃⢠⢠⡀⠙⠿⣿⠿⠃⠀⡇⠀⠀
⠀⠀⠘⣄⡀⠀⠀⠀⢠⣿⢸⣿⠀⠀⠀⠀⠀⣠⠇⠀⠀
⠀⠀⠀⠀⡏⢷⡄⠀⠘⠟⠈⠿⠁⠀⢠⡞⡹⠁⠀⠀⠀
⠀⠀⠀⠀⢹⠸⠘⢢⢠⠤⠤⡤⡄⢰⢡⠁⡇⠀⠀⠀⠀
⠀⠀⠀⠀⢸⠀⠣⣹⢸⠒⠒⡗⡇⣩⠌⢀⡇⠀⠀⠀⠀
⠀⠀⠀⠀⠈⢧⡀⠀⠉⠉⠉⠉⠁⠀⣀⠜⠀⠀⠀⠀⠀
⠀⠀⠀⠀⠀⠀⠉⠓⠢⠤⠤⠤⠔⠊⠁⠀⠀⠀⠀

cleared user

⠀⠀⠀⠀⣀⠤⠔⠒⠒⠒⠒⠒⠒⠒⠦⢄⣀⠀⠀⠀⠀
⠀⢀⡴⠋⠀⠀⠀⠀⠀⠀⠀⠀⠀⠀⠀⠀⠈⠑⢄⠀⠀
⢀⠎⠀⠀⠀⠀⠀⠀⠀⠀⠀⠀⠀⠀⠀⠀⠀⠀⠈⢣⠀
⢸⠀⡄⠀⠀⠀⠀⠀⠀⠀⠀⠀⠀⠀⠀⠀⠀⠀⢢⠈⡇
⢸⠀⣇⠀⠀⠀⠀⠀⠀⠀⠀⠀⠀⠀⠀⠀⠀⠀⡼⠀⡇
⠘⡆⢸⠀⢀⣀⣤⣄⡀⠀⠀⠀⢀⣤⣤⣄⡀⠀⡇⡸⠀
⠀⠘⣾⠀⣿⣿⣿⣿⣿⠀⠀⠀⣿⣿⣿⣿⣿⠀⡗⠁⠀
⠀⠀⣿⠀⠙⢿⣿⠿⠃⢠⢠⡀⠙⠿⣿⠿⠃⠀⡇⠀⠀
⠀⠀⠘⣄⡀⠀⠀⠀⢠⣿⢸⣿⠀⠀⠀⠀⠀⣠⠇⠀⠀
⠀⠀⠀⠀⡏⢷⡄⠀⠘⠟⠈⠿⠁⠀⢠⡞⡹⠁⠀⠀⠀
⠀⠀⠀⠀⢹⠸⠘⢢⢠⠤⠤⡤⡄⢰⢡⠁⡇⠀⠀⠀⠀
⠀⠀⠀⠀⢸⠀⠣⣹⢸⠒⠒⡗⡇⣩⠌⢀⡇⠀⠀⠀⠀
⠀⠀⠀⠀⠈⢧⡀⠀⠉⠉⠉⠉⠁⠀⣀⠜⠀⠀⠀⠀⠀
⠀⠀⠀⠀⠀⠀⠉⠓⠢⠤⠤⠤⠔⠊⠁⠀⠀⠀⠀

cleared user

⠀⠀⠀⠀⣀⠤⠔⠒⠒⠒⠒⠒⠒⠒⠦⢄⣀⠀⠀⠀⠀
⠀⢀⡴⠋⠀⠀⠀⠀⠀⠀⠀⠀⠀⠀⠀⠀⠈⠑⢄⠀⠀
⢀⠎⠀⠀⠀⠀⠀⠀⠀⠀⠀⠀⠀⠀⠀⠀⠀⠀⠈⢣⠀
⢸⠀⡄⠀⠀⠀⠀⠀⠀⠀⠀⠀⠀⠀⠀⠀⠀⠀⢢⠈⡇
⢸⠀⣇⠀⠀⠀⠀⠀⠀⠀⠀⠀⠀⠀⠀⠀⠀⠀⡼⠀⡇
⠘⡆⢸⠀⢀⣀⣤⣄⡀⠀⠀⠀⢀⣤⣤⣄⡀⠀⡇⡸⠀
⠀⠘⣾⠀⣿⣿⣿⣿⣿⠀⠀⠀⣿⣿⣿⣿⣿⠀⡗⠁⠀
⠀⠀⣿⠀⠙⢿⣿⠿⠃⢠⢠⡀⠙⠿⣿⠿⠃⠀⡇⠀⠀
⠀⠀⠘⣄⡀⠀⠀⠀⢠⣿⢸⣿⠀⠀⠀⠀⠀⣠⠇⠀⠀
⠀⠀⠀⠀⡏⢷⡄⠀⠘⠟⠈⠿⠁⠀⢠⡞⡹⠁⠀⠀⠀
⠀⠀⠀⠀⢹⠸⠘⢢⢠⠤⠤⡤⡄⢰⢡⠁⡇⠀⠀⠀⠀
⠀⠀⠀⠀⢸⠀⠣⣹⢸⠒⠒⡗⡇⣩⠌⢀⡇⠀⠀⠀⠀
⠀⠀⠀⠀⠈⢧⡀⠀⠉⠉⠉⠉⠁⠀⣀⠜⠀⠀⠀⠀⠀
⠀⠀⠀⠀⠀⠀⠉⠓⠢⠤⠤⠤⠔⠊⠁⠀⠀⠀⠀

cleared user

⠀⠀⠀⠀⣀⠤⠔⠒⠒⠒⠒⠒⠒⠒⠦⢄⣀⠀⠀⠀⠀
⠀⢀⡴⠋⠀⠀⠀⠀⠀⠀⠀⠀⠀⠀⠀⠀⠈⠑⢄⠀⠀
⢀⠎⠀⠀⠀⠀⠀⠀⠀⠀⠀⠀⠀⠀⠀⠀⠀⠀⠈⢣⠀
⢸⠀⡄⠀⠀⠀⠀⠀⠀⠀⠀⠀⠀⠀⠀⠀⠀⠀⢢⠈⡇
⢸⠀⣇⠀⠀⠀⠀⠀⠀⠀⠀⠀⠀⠀⠀⠀⠀⠀⡼⠀⡇
⠘⡆⢸⠀⢀⣀⣤⣄⡀⠀⠀⠀⢀⣤⣤⣄⡀⠀⡇⡸⠀
⠀⠘⣾⠀⣿⣿⣿⣿⣿⠀⠀⠀⣿⣿⣿⣿⣿⠀⡗⠁⠀
⠀⠀⣿⠀⠙⢿⣿⠿⠃⢠⢠⡀⠙⠿⣿⠿⠃⠀⡇⠀⠀
⠀⠀⠘⣄⡀⠀⠀⠀⢠⣿⢸⣿⠀⠀⠀⠀⠀⣠⠇⠀⠀
⠀⠀⠀⠀⡏⢷⡄⠀⠘⠟⠈⠿⠁⠀⢠⡞⡹⠁⠀⠀⠀
⠀⠀⠀⠀⢹⠸⠘⢢⢠⠤⠤⡤⡄⢰⢡⠁⡇⠀⠀⠀⠀
⠀⠀⠀⠀⢸⠀⠣⣹⢸⠒⠒⡗⡇⣩⠌⢀⡇⠀⠀⠀⠀
⠀⠀⠀⠀⠈⢧⡀⠀⠉⠉⠉⠉⠁⠀⣀⠜⠀⠀⠀⠀⠀
⠀⠀⠀⠀⠀⠀⠉⠓⠢⠤⠤⠤⠔⠊⠁⠀⠀⠀⠀

cleared user

⠀⠀⠀⠀⣀⠤⠔⠒⠒⠒⠒⠒⠒⠒⠦⢄⣀⠀⠀⠀⠀
⠀⢀⡴⠋⠀⠀⠀⠀⠀⠀⠀⠀⠀⠀⠀⠀⠈⠑⢄⠀⠀
⢀⠎⠀⠀⠀⠀⠀⠀⠀⠀⠀⠀⠀⠀⠀⠀⠀⠀⠈⢣⠀
⢸⠀⡄⠀⠀⠀⠀⠀⠀⠀⠀⠀⠀⠀⠀⠀⠀⠀⢢⠈⡇
⢸⠀⣇⠀⠀⠀⠀⠀⠀⠀⠀⠀⠀⠀⠀⠀⠀⠀⡼⠀⡇
⠘⡆⢸⠀⢀⣀⣤⣄⡀⠀⠀⠀⢀⣤⣤⣄⡀⠀⡇⡸⠀
⠀⠘⣾⠀⣿⣿⣿⣿⣿⠀⠀⠀⣿⣿⣿⣿⣿⠀⡗⠁⠀
⠀⠀⣿⠀⠙⢿⣿⠿⠃⢠⢠⡀⠙⠿⣿⠿⠃⠀⡇⠀⠀
⠀⠀⠘⣄⡀⠀⠀⠀⢠⣿⢸⣿⠀⠀⠀⠀⠀⣠⠇⠀⠀
⠀⠀⠀⠀⡏⢷⡄⠀⠘⠟⠈⠿⠁⠀⢠⡞⡹⠁⠀⠀⠀
⠀⠀⠀⠀⢹⠸⠘⢢⢠⠤⠤⡤⡄⢰⢡⠁⡇⠀⠀⠀⠀
⠀⠀⠀⠀⢸⠀⠣⣹⢸⠒⠒⡗⡇⣩⠌⢀⡇⠀⠀⠀⠀
⠀⠀⠀⠀⠈⢧⡀⠀⠉⠉⠉⠉⠁⠀⣀⠜⠀⠀⠀⠀⠀
⠀⠀⠀⠀⠀⠀⠉⠓⠢⠤⠤⠤⠔⠊⠁⠀⠀⠀⠀

cleared user

⠀⠀⠀⠀⣀⠤⠔⠒⠒⠒⠒⠒⠒⠒⠦⢄⣀⠀⠀⠀⠀
⠀⢀⡴⠋⠀⠀⠀⠀⠀⠀⠀⠀⠀⠀⠀⠀⠈⠑⢄⠀⠀
⢀⠎⠀⠀⠀⠀⠀⠀⠀⠀⠀⠀⠀⠀⠀⠀⠀⠀⠈⢣⠀
⢸⠀⡄⠀⠀⠀⠀⠀⠀⠀⠀⠀⠀⠀⠀⠀⠀⠀⢢⠈⡇
⢸⠀⣇⠀⠀⠀⠀⠀⠀⠀⠀⠀⠀⠀⠀⠀⠀⠀⡼⠀⡇
⠘⡆⢸⠀⢀⣀⣤⣄⡀⠀⠀⠀⢀⣤⣤⣄⡀⠀⡇⡸⠀
⠀⠘⣾⠀⣿⣿⣿⣿⣿⠀⠀⠀⣿⣿⣿⣿⣿⠀⡗⠁⠀
⠀⠀⣿⠀⠙⢿⣿⠿⠃⢠⢠⡀⠙⠿⣿⠿⠃⠀⡇⠀⠀
⠀⠀⠘⣄⡀⠀⠀⠀⢠⣿⢸⣿⠀⠀⠀⠀⠀⣠⠇⠀⠀
⠀⠀⠀⠀⡏⢷⡄⠀⠘⠟⠈⠿⠁⠀⢠⡞⡹⠁⠀⠀⠀
⠀⠀⠀⠀⢹⠸⠘⢢⢠⠤⠤⡤⡄⢰⢡⠁⡇⠀⠀⠀⠀
⠀⠀⠀⠀⢸⠀⠣⣹⢸⠒⠒⡗⡇⣩⠌⢀⡇⠀⠀⠀⠀
⠀⠀⠀⠀⠈⢧⡀⠀⠉⠉⠉⠉⠁⠀⣀⠜⠀⠀⠀⠀⠀
⠀⠀⠀⠀⠀⠀⠉⠓⠢⠤⠤⠤⠔⠊⠁⠀⠀⠀⠀

cleared user

⠀⠀⠀⠀⣀⠤⠔⠒⠒⠒⠒⠒⠒⠒⠦⢄⣀⠀⠀⠀⠀
⠀⢀⡴⠋⠀⠀⠀⠀⠀⠀⠀⠀⠀⠀⠀⠀⠈⠑⢄⠀⠀
⢀⠎⠀⠀⠀⠀⠀⠀⠀⠀⠀⠀⠀⠀⠀⠀⠀⠀⠈⢣⠀
⢸⠀⡄⠀⠀⠀⠀⠀⠀⠀⠀⠀⠀⠀⠀⠀⠀⠀⢢⠈⡇
⢸⠀⣇⠀⠀⠀⠀⠀⠀⠀⠀⠀⠀⠀⠀⠀⠀⠀⡼⠀⡇
⠘⡆⢸⠀⢀⣀⣤⣄⡀⠀⠀⠀⢀⣤⣤⣄⡀⠀⡇⡸⠀
⠀⠘⣾⠀⣿⣿⣿⣿⣿⠀⠀⠀⣿⣿⣿⣿⣿⠀⡗⠁⠀
⠀⠀⣿⠀⠙⢿⣿⠿⠃⢠⢠⡀⠙⠿⣿⠿⠃⠀⡇⠀⠀
⠀⠀⠘⣄⡀⠀⠀⠀⢠⣿⢸⣿⠀⠀⠀⠀⠀⣠⠇⠀⠀
⠀⠀⠀⠀⡏⢷⡄⠀⠘⠟⠈⠿⠁⠀⢠⡞⡹⠁⠀⠀⠀
⠀⠀⠀⠀⢹⠸⠘⢢⢠⠤⠤⡤⡄⢰⢡⠁⡇⠀⠀⠀⠀
⠀⠀⠀⠀⢸⠀⠣⣹⢸⠒⠒⡗⡇⣩⠌⢀⡇⠀⠀⠀⠀
⠀⠀⠀⠀⠈⢧⡀⠀⠉⠉⠉⠉⠁⠀⣀⠜⠀⠀⠀⠀⠀
⠀⠀⠀⠀⠀⠀⠉⠓⠢⠤⠤⠤⠔⠊⠁⠀⠀⠀⠀

cleared user

⠀⠀⠀⠀⣀⠤⠔⠒⠒⠒⠒⠒⠒⠒⠦⢄⣀⠀⠀⠀⠀
⠀⢀⡴⠋⠀⠀⠀⠀⠀⠀⠀⠀⠀⠀⠀⠀⠈⠑⢄⠀⠀
⢀⠎⠀⠀⠀⠀⠀⠀⠀⠀⠀⠀⠀⠀⠀⠀⠀⠀⠈⢣⠀
⢸⠀⡄⠀⠀⠀⠀⠀⠀⠀⠀⠀⠀⠀⠀⠀⠀⠀⢢⠈⡇
⢸⠀⣇⠀⠀⠀⠀⠀⠀⠀⠀⠀⠀⠀⠀⠀⠀⠀⡼⠀⡇
⠘⡆⢸⠀⢀⣀⣤⣄⡀⠀⠀⠀⢀⣤⣤⣄⡀⠀⡇⡸⠀
⠀⠘⣾⠀⣿⣿⣿⣿⣿⠀⠀⠀⣿⣿⣿⣿⣿⠀⡗⠁⠀
⠀⠀⣿⠀⠙⢿⣿⠿⠃⢠⢠⡀⠙⠿⣿⠿⠃⠀⡇⠀⠀
⠀⠀⠘⣄⡀⠀⠀⠀⢠⣿⢸⣿⠀⠀⠀⠀⠀⣠⠇⠀⠀
⠀⠀⠀⠀⡏⢷⡄⠀⠘⠟⠈⠿⠁⠀⢠⡞⡹⠁⠀⠀⠀
⠀⠀⠀⠀⢹⠸⠘⢢⢠⠤⠤⡤⡄⢰⢡⠁⡇⠀⠀⠀⠀
⠀⠀⠀⠀⢸⠀⠣⣹⢸⠒⠒⡗⡇⣩⠌⢀⡇⠀⠀⠀⠀
⠀⠀⠀⠀⠈⢧⡀⠀⠉⠉⠉⠉⠁⠀⣀⠜⠀⠀⠀⠀⠀
⠀⠀⠀⠀⠀⠀⠉⠓⠢⠤⠤⠤⠔⠊⠁⠀⠀⠀⠀

cleared user

⠀⠀⠀⠀⣀⠤⠔⠒⠒⠒⠒⠒⠒⠒⠦⢄⣀⠀⠀⠀⠀
⠀⢀⡴⠋⠀⠀⠀⠀⠀⠀⠀⠀⠀⠀⠀⠀⠈⠑⢄⠀⠀
⢀⠎⠀⠀⠀⠀⠀⠀⠀⠀⠀⠀⠀⠀⠀⠀⠀⠀⠈⢣⠀
⢸⠀⡄⠀⠀⠀⠀⠀⠀⠀⠀⠀⠀⠀⠀⠀⠀⠀⢢⠈⡇
⢸⠀⣇⠀⠀⠀⠀⠀⠀⠀⠀⠀⠀⠀⠀⠀⠀⠀⡼⠀⡇
⠘⡆⢸⠀⢀⣀⣤⣄⡀⠀⠀⠀⢀⣤⣤⣄⡀⠀⡇⡸⠀
⠀⠘⣾⠀⣿⣿⣿⣿⣿⠀⠀⠀⣿⣿⣿⣿⣿⠀⡗⠁⠀
⠀⠀⣿⠀⠙⢿⣿⠿⠃⢠⢠⡀⠙⠿⣿⠿⠃⠀⡇⠀⠀
⠀⠀⠘⣄⡀⠀⠀⠀⢠⣿⢸⣿⠀⠀⠀⠀⠀⣠⠇⠀⠀
⠀⠀⠀⠀⡏⢷⡄⠀⠘⠟⠈⠿⠁⠀⢠⡞⡹⠁⠀⠀⠀
⠀⠀⠀⠀⢹⠸⠘⢢⢠⠤⠤⡤⡄⢰⢡⠁⡇⠀⠀⠀⠀
⠀⠀⠀⠀⢸⠀⠣⣹⢸⠒⠒⡗⡇⣩⠌⢀⡇⠀⠀⠀⠀
⠀⠀⠀⠀⠈⢧⡀⠀⠉⠉⠉⠉⠁⠀⣀⠜⠀⠀⠀⠀⠀
⠀⠀⠀⠀⠀⠀⠉⠓⠢⠤⠤⠤⠔⠊⠁⠀⠀⠀⠀

cleared user

⠀⠀⠀⠀⣀⠤⠔⠒⠒⠒⠒⠒⠒⠒⠦⢄⣀⠀⠀⠀⠀
⠀⢀⡴⠋⠀⠀⠀⠀⠀⠀⠀⠀⠀⠀⠀⠀⠈⠑⢄⠀⠀
⢀⠎⠀⠀⠀⠀⠀⠀⠀⠀⠀⠀⠀⠀⠀⠀⠀⠀⠈⢣⠀
⢸⠀⡄⠀⠀⠀⠀⠀⠀⠀⠀⠀⠀⠀⠀⠀⠀⠀⢢⠈⡇
⢸⠀⣇⠀⠀⠀⠀⠀⠀⠀⠀⠀⠀⠀⠀⠀⠀⠀⡼⠀⡇
⠘⡆⢸⠀⢀⣀⣤⣄⡀⠀⠀⠀⢀⣤⣤⣄⡀⠀⡇⡸⠀
⠀⠘⣾⠀⣿⣿⣿⣿⣿⠀⠀⠀⣿⣿⣿⣿⣿⠀⡗⠁⠀
⠀⠀⣿⠀⠙⢿⣿⠿⠃⢠⢠⡀⠙⠿⣿⠿⠃⠀⡇⠀⠀
⠀⠀⠘⣄⡀⠀⠀⠀⢠⣿⢸⣿⠀⠀⠀⠀⠀⣠⠇⠀⠀
⠀⠀⠀⠀⡏⢷⡄⠀⠘⠟⠈⠿⠁⠀⢠⡞⡹⠁⠀⠀⠀
⠀⠀⠀⠀⢹⠸⠘⢢⢠⠤⠤⡤⡄⢰⢡⠁⡇⠀⠀⠀⠀
⠀⠀⠀⠀⢸⠀⠣⣹⢸⠒⠒⡗⡇⣩⠌⢀⡇⠀⠀⠀⠀
⠀⠀⠀⠀⠈⢧⡀⠀⠉⠉⠉⠉⠁⠀⣀⠜⠀⠀⠀⠀⠀
⠀⠀⠀⠀⠀⠀⠉⠓⠢⠤⠤⠤⠔⠊⠁⠀⠀⠀⠀

cleared user

⠀⠀⠀⠀⣀⠤⠔⠒⠒⠒⠒⠒⠒⠒⠦⢄⣀⠀⠀⠀⠀
⠀⢀⡴⠋⠀⠀⠀⠀⠀⠀⠀⠀⠀⠀⠀⠀⠈⠑⢄⠀⠀
⢀⠎⠀⠀⠀⠀⠀⠀⠀⠀⠀⠀⠀⠀⠀⠀⠀⠀⠈⢣⠀
⢸⠀⡄⠀⠀⠀⠀⠀⠀⠀⠀⠀⠀⠀⠀⠀⠀⠀⢢⠈⡇
⢸⠀⣇⠀⠀⠀⠀⠀⠀⠀⠀⠀⠀⠀⠀⠀⠀⠀⡼⠀⡇
⠘⡆⢸⠀⢀⣀⣤⣄⡀⠀⠀⠀⢀⣤⣤⣄⡀⠀⡇⡸⠀
⠀⠘⣾⠀⣿⣿⣿⣿⣿⠀⠀⠀⣿⣿⣿⣿⣿⠀⡗⠁⠀
⠀⠀⣿⠀⠙⢿⣿⠿⠃⢠⢠⡀⠙⠿⣿⠿⠃⠀⡇⠀⠀
⠀⠀⠘⣄⡀⠀⠀⠀⢠⣿⢸⣿⠀⠀⠀⠀⠀⣠⠇⠀⠀
⠀⠀⠀⠀⡏⢷⡄⠀⠘⠟⠈⠿⠁⠀⢠⡞⡹⠁⠀⠀⠀
⠀⠀⠀⠀⢹⠸⠘⢢⢠⠤⠤⡤⡄⢰⢡⠁⡇⠀⠀⠀⠀
⠀⠀⠀⠀⢸⠀⠣⣹⢸⠒⠒⡗⡇⣩⠌⢀⡇⠀⠀⠀⠀
⠀⠀⠀⠀⠈⢧⡀⠀⠉⠉⠉⠉⠁⠀⣀⠜⠀⠀⠀⠀⠀
⠀⠀⠀⠀⠀⠀⠉⠓⠢⠤⠤⠤⠔⠊⠁⠀⠀⠀⠀

cleared user

⠀⠀⠀⠀⣀⠤⠔⠒⠒⠒⠒⠒⠒⠒⠦⢄⣀⠀⠀⠀⠀
⠀⢀⡴⠋⠀⠀⠀⠀⠀⠀⠀⠀⠀⠀⠀⠀⠈⠑⢄⠀⠀
⢀⠎⠀⠀⠀⠀⠀⠀⠀⠀⠀⠀⠀⠀⠀⠀⠀⠀⠈⢣⠀
⢸⠀⡄⠀⠀⠀⠀⠀⠀⠀⠀⠀⠀⠀⠀⠀⠀⠀⢢⠈⡇
⢸⠀⣇⠀⠀⠀⠀⠀⠀⠀⠀⠀⠀⠀⠀⠀⠀⠀⡼⠀⡇
⠘⡆⢸⠀⢀⣀⣤⣄⡀⠀⠀⠀⢀⣤⣤⣄⡀⠀⡇⡸⠀
⠀⠘⣾⠀⣿⣿⣿⣿⣿⠀⠀⠀⣿⣿⣿⣿⣿⠀⡗⠁⠀
⠀⠀⣿⠀⠙⢿⣿⠿⠃⢠⢠⡀⠙⠿⣿⠿⠃⠀⡇⠀⠀
⠀⠀⠘⣄⡀⠀⠀⠀⢠⣿⢸⣿⠀⠀⠀⠀⠀⣠⠇⠀⠀
⠀⠀⠀⠀⡏⢷⡄⠀⠘⠟⠈⠿⠁⠀⢠⡞⡹⠁⠀⠀⠀
⠀⠀⠀⠀⢹⠸⠘⢢⢠⠤⠤⡤⡄⢰⢡⠁⡇⠀⠀⠀⠀
⠀⠀⠀⠀⢸⠀⠣⣹⢸⠒⠒⡗⡇⣩⠌⢀⡇⠀⠀⠀⠀
⠀⠀⠀⠀⠈⢧⡀⠀⠉⠉⠉⠉⠁⠀⣀⠜⠀⠀⠀⠀⠀
⠀⠀⠀⠀⠀⠀⠉⠓⠢⠤⠤⠤⠔⠊⠁⠀⠀⠀⠀

cleared user

⠀⠀⠀⠀⣀⠤⠔⠒⠒⠒⠒⠒⠒⠒⠦⢄⣀⠀⠀⠀⠀
⠀⢀⡴⠋⠀⠀⠀⠀⠀⠀⠀⠀⠀⠀⠀⠀⠈⠑⢄⠀⠀
⢀⠎⠀⠀⠀⠀⠀⠀⠀⠀⠀⠀⠀⠀⠀⠀⠀⠀⠈⢣⠀
⢸⠀⡄⠀⠀⠀⠀⠀⠀⠀⠀⠀⠀⠀⠀⠀⠀⠀⢢⠈⡇
⢸⠀⣇⠀⠀⠀⠀⠀⠀⠀⠀⠀⠀⠀⠀⠀⠀⠀⡼⠀⡇
⠘⡆⢸⠀⢀⣀⣤⣄⡀⠀⠀⠀⢀⣤⣤⣄⡀⠀⡇⡸⠀
⠀⠘⣾⠀⣿⣿⣿⣿⣿⠀⠀⠀⣿⣿⣿⣿⣿⠀⡗⠁⠀
⠀⠀⣿⠀⠙⢿⣿⠿⠃⢠⢠⡀⠙⠿⣿⠿⠃⠀⡇⠀⠀
⠀⠀⠘⣄⡀⠀⠀⠀⢠⣿⢸⣿⠀⠀⠀⠀⠀⣠⠇⠀⠀
⠀⠀⠀⠀⡏⢷⡄⠀⠘⠟⠈⠿⠁⠀⢠⡞⡹⠁⠀⠀⠀
⠀⠀⠀⠀⢹⠸⠘⢢⢠⠤⠤⡤⡄⢰⢡⠁⡇⠀⠀⠀⠀
⠀⠀⠀⠀⢸⠀⠣⣹⢸⠒⠒⡗⡇⣩⠌⢀⡇⠀⠀⠀⠀
⠀⠀⠀⠀⠈⢧⡀⠀⠉⠉⠉⠉⠁⠀⣀⠜⠀⠀⠀⠀⠀
⠀⠀⠀⠀⠀⠀⠉⠓⠢⠤⠤⠤⠔⠊⠁⠀⠀⠀⠀

cleared user

⠀⠀⠀⠀⣀⠤⠔⠒⠒⠒⠒⠒⠒⠒⠦⢄⣀⠀⠀⠀⠀
⠀⢀⡴⠋⠀⠀⠀⠀⠀⠀⠀⠀⠀⠀⠀⠀⠈⠑⢄⠀⠀
⢀⠎⠀⠀⠀⠀⠀⠀⠀⠀⠀⠀⠀⠀⠀⠀⠀⠀⠈⢣⠀
⢸⠀⡄⠀⠀⠀⠀⠀⠀⠀⠀⠀⠀⠀⠀⠀⠀⠀⢢⠈⡇
⢸⠀⣇⠀⠀⠀⠀⠀⠀⠀⠀⠀⠀⠀⠀⠀⠀⠀⡼⠀⡇
⠘⡆⢸⠀⢀⣀⣤⣄⡀⠀⠀⠀⢀⣤⣤⣄⡀⠀⡇⡸⠀
⠀⠘⣾⠀⣿⣿⣿⣿⣿⠀⠀⠀⣿⣿⣿⣿⣿⠀⡗⠁⠀
⠀⠀⣿⠀⠙⢿⣿⠿⠃⢠⢠⡀⠙⠿⣿⠿⠃⠀⡇⠀⠀
⠀⠀⠘⣄⡀⠀⠀⠀⢠⣿⢸⣿⠀⠀⠀⠀⠀⣠⠇⠀⠀
⠀⠀⠀⠀⡏⢷⡄⠀⠘⠟⠈⠿⠁⠀⢠⡞⡹⠁⠀⠀⠀
⠀⠀⠀⠀⢹⠸⠘⢢⢠⠤⠤⡤⡄⢰⢡⠁⡇⠀⠀⠀⠀
⠀⠀⠀⠀⢸⠀⠣⣹⢸⠒⠒⡗⡇⣩⠌⢀⡇⠀⠀⠀⠀
⠀⠀⠀⠀⠈⢧⡀⠀⠉⠉⠉⠉⠁⠀⣀⠜⠀⠀⠀⠀⠀
⠀⠀⠀⠀⠀⠀⠉⠓⠢⠤⠤⠤⠔⠊⠁⠀⠀⠀⠀

cleared user

⠀⠀⠀⠀⣀⠤⠔⠒⠒⠒⠒⠒⠒⠒⠦⢄⣀⠀⠀⠀⠀
⠀⢀⡴⠋⠀⠀⠀⠀⠀⠀⠀⠀⠀⠀⠀⠀⠈⠑⢄⠀⠀
⢀⠎⠀⠀⠀⠀⠀⠀⠀⠀⠀⠀⠀⠀⠀⠀⠀⠀⠈⢣⠀
⢸⠀⡄⠀⠀⠀⠀⠀⠀⠀⠀⠀⠀⠀⠀⠀⠀⠀⢢⠈⡇
⢸⠀⣇⠀⠀⠀⠀⠀⠀⠀⠀⠀⠀⠀⠀⠀⠀⠀⡼⠀⡇
⠘⡆⢸⠀⢀⣀⣤⣄⡀⠀⠀⠀⢀⣤⣤⣄⡀⠀⡇⡸⠀
⠀⠘⣾⠀⣿⣿⣿⣿⣿⠀⠀⠀⣿⣿⣿⣿⣿⠀⡗⠁⠀
⠀⠀⣿⠀⠙⢿⣿⠿⠃⢠⢠⡀⠙⠿⣿⠿⠃⠀⡇⠀⠀
⠀⠀⠘⣄⡀⠀⠀⠀⢠⣿⢸⣿⠀⠀⠀⠀⠀⣠⠇⠀⠀
⠀⠀⠀⠀⡏⢷⡄⠀⠘⠟⠈⠿⠁⠀⢠⡞⡹⠁⠀⠀⠀
⠀⠀⠀⠀⢹⠸⠘⢢⢠⠤⠤⡤⡄⢰⢡⠁⡇⠀⠀⠀⠀
⠀⠀⠀⠀⢸⠀⠣⣹⢸⠒⠒⡗⡇⣩⠌⢀⡇⠀⠀⠀⠀
⠀⠀⠀⠀⠈⢧⡀⠀⠉⠉⠉⠉⠁⠀⣀⠜⠀⠀⠀⠀⠀
⠀⠀⠀⠀⠀⠀⠉⠓⠢⠤⠤⠤⠔⠊⠁⠀⠀⠀⠀

cleared user

⠀⠀⠀⠀⣀⠤⠔⠒⠒⠒⠒⠒⠒⠒⠦⢄⣀⠀⠀⠀⠀
⠀⢀⡴⠋⠀⠀⠀⠀⠀⠀⠀⠀⠀⠀⠀⠀⠈⠑⢄⠀⠀
⢀⠎⠀⠀⠀⠀⠀⠀⠀⠀⠀⠀⠀⠀⠀⠀⠀⠀⠈⢣⠀
⢸⠀⡄⠀⠀⠀⠀⠀⠀⠀⠀⠀⠀⠀⠀⠀⠀⠀⢢⠈⡇
⢸⠀⣇⠀⠀⠀⠀⠀⠀⠀⠀⠀⠀⠀⠀⠀⠀⠀⡼⠀⡇
⠘⡆⢸⠀⢀⣀⣤⣄⡀⠀⠀⠀⢀⣤⣤⣄⡀⠀⡇⡸⠀
⠀⠘⣾⠀⣿⣿⣿⣿⣿⠀⠀⠀⣿⣿⣿⣿⣿⠀⡗⠁⠀
⠀⠀⣿⠀⠙⢿⣿⠿⠃⢠⢠⡀⠙⠿⣿⠿⠃⠀⡇⠀⠀
⠀⠀⠘⣄⡀⠀⠀⠀⢠⣿⢸⣿⠀⠀⠀⠀⠀⣠⠇⠀⠀
⠀⠀⠀⠀⡏⢷⡄⠀⠘⠟⠈⠿⠁⠀⢠⡞⡹⠁⠀⠀⠀
⠀⠀⠀⠀⢹⠸⠘⢢⢠⠤⠤⡤⡄⢰⢡⠁⡇⠀⠀⠀⠀
⠀⠀⠀⠀⢸⠀⠣⣹⢸⠒⠒⡗⡇⣩⠌⢀⡇⠀⠀⠀⠀
⠀⠀⠀⠀⠈⢧⡀⠀⠉⠉⠉⠉⠁⠀⣀⠜⠀⠀⠀⠀⠀
⠀⠀⠀⠀⠀⠀⠉⠓⠢⠤⠤⠤⠔⠊⠁⠀⠀⠀⠀

